{"C:\\Users\\Richard\\Documents\\dbwebb\\pattern\\admin\\src\\App.js": {"path":"C:\\Users\\Richard\\Documents\\dbwebb\\pattern\\admin\\src\\App.js","statementMap":{"0":{"start":{"line":18,"column":23},"end":{"line":27,"column":5}},"1":{"start":{"line":29,"column":24},"end":{"line":29,"column":79}},"2":{"start":{"line":31,"column":28},"end":{"line":31,"column":49}},"3":{"start":{"line":32,"column":32},"end":{"line":32,"column":44}},"4":{"start":{"line":33,"column":44},"end":{"line":33,"column":56}},"5":{"start":{"line":34,"column":34},"end":{"line":34,"column":48}},"6":{"start":{"line":36,"column":32},"end":{"line":36,"column":44}},"7":{"start":{"line":37,"column":42},"end":{"line":37,"column":54}},"8":{"start":{"line":38,"column":38},"end":{"line":38,"column":58}},"9":{"start":{"line":39,"column":42},"end":{"line":39,"column":61}},"10":{"start":{"line":41,"column":4},"end":{"line":41,"column":42}},"11":{"start":{"line":41,"column":22},"end":{"line":41,"column":34}},"12":{"start":{"line":42,"column":4},"end":{"line":42,"column":65}},"13":{"start":{"line":42,"column":22},"end":{"line":42,"column":48}},"14":{"start":{"line":45,"column":21},"end":{"line":45,"column":42}},"15":{"start":{"line":46,"column":8},"end":{"line":46,"column":36}},"16":{"start":{"line":47,"column":8},"end":{"line":47,"column":42}},"17":{"start":{"line":49,"column":27},"end":{"line":49,"column":29}},"18":{"start":{"line":50,"column":8},"end":{"line":50,"column":74}},"19":{"start":{"line":50,"column":40},"end":{"line":50,"column":70}},"20":{"start":{"line":51,"column":8},"end":{"line":51,"column":32}},"21":{"start":{"line":55,"column":19},"end":{"line":55,"column":21}},"22":{"start":{"line":56,"column":21},"end":{"line":56,"column":23}},"23":{"start":{"line":57,"column":31},"end":{"line":57,"column":48}},"24":{"start":{"line":59,"column":8},"end":{"line":62,"column":11}},"25":{"start":{"line":60,"column":12},"end":{"line":60,"column":54}},"26":{"start":{"line":61,"column":12},"end":{"line":61,"column":57}},"27":{"start":{"line":64,"column":8},"end":{"line":64,"column":49}},"28":{"start":{"line":65,"column":8},"end":{"line":65,"column":50}},"29":{"start":{"line":67,"column":8},"end":{"line":67,"column":39}},"30":{"start":{"line":71,"column":8},"end":{"line":71,"column":71}},"31":{"start":{"line":71,"column":36},"end":{"line":71,"column":69}},"32":{"start":{"line":73,"column":8},"end":{"line":73,"column":43}},"33":{"start":{"line":78,"column":8},"end":{"line":78,"column":29}},"34":{"start":{"line":81,"column":8},"end":{"line":85,"column":9}},"35":{"start":{"line":82,"column":12},"end":{"line":82,"column":30}},"36":{"start":{"line":83,"column":12},"end":{"line":83,"column":26}},"37":{"start":{"line":84,"column":12},"end":{"line":84,"column":19}},"38":{"start":{"line":87,"column":8},"end":{"line":87,"column":30}},"39":{"start":{"line":91,"column":8},"end":{"line":103,"column":9}},"40":{"start":{"line":92,"column":31},"end":{"line":92,"column":57}},"41":{"start":{"line":93,"column":26},"end":{"line":93,"column":52}},"42":{"start":{"line":94,"column":25},"end":{"line":94,"column":45}},"43":{"start":{"line":95,"column":26},"end":{"line":95,"column":52}},"44":{"start":{"line":96,"column":25},"end":{"line":96,"column":45}},"45":{"start":{"line":97,"column":35},"end":{"line":97,"column":72}},"46":{"start":{"line":98,"column":34},"end":{"line":98,"column":65}},"47":{"start":{"line":99,"column":36},"end":{"line":99,"column":74}},"48":{"start":{"line":100,"column":35},"end":{"line":100,"column":67}},"49":{"start":{"line":101,"column":32},"end":{"line":101,"column":59}},"50":{"start":{"line":102,"column":26},"end":{"line":102,"column":47}},"51":{"start":{"line":107,"column":8},"end":{"line":109,"column":43}},"52":{"start":{"line":113,"column":8},"end":{"line":116,"column":59}},"53":{"start":{"line":120,"column":8},"end":{"line":123,"column":49}},"54":{"start":{"line":127,"column":8},"end":{"line":133,"column":49}},"55":{"start":{"line":137,"column":8},"end":{"line":143,"column":41}},"56":{"start":{"line":147,"column":8},"end":{"line":154,"column":49}},"57":{"start":{"line":158,"column":8},"end":{"line":164,"column":41}},"58":{"start":{"line":168,"column":8},"end":{"line":176,"column":49}},"59":{"start":{"line":180,"column":8},"end":{"line":185,"column":49}},"60":{"start":{"line":189,"column":8},"end":{"line":193,"column":49}},"61":{"start":{"line":196,"column":4},"end":{"line":213,"column":6}}},"fnMap":{"0":{"name":"App","decl":{"start":{"line":17,"column":9},"end":{"line":17,"column":12}},"loc":{"start":{"line":17,"column":15},"end":{"line":214,"column":1}},"line":17},"1":{"name":"(anonymous_1)","decl":{"start":{"line":41,"column":14},"end":{"line":41,"column":15}},"loc":{"start":{"line":41,"column":20},"end":{"line":41,"column":36}},"line":41},"2":{"name":"(anonymous_2)","decl":{"start":{"line":42,"column":14},"end":{"line":42,"column":15}},"loc":{"start":{"line":42,"column":20},"end":{"line":42,"column":50}},"line":42},"3":{"name":"getCities","decl":{"start":{"line":44,"column":19},"end":{"line":44,"column":28}},"loc":{"start":{"line":44,"column":31},"end":{"line":52,"column":5}},"line":44},"4":{"name":"(anonymous_4)","decl":{"start":{"line":50,"column":28},"end":{"line":50,"column":29}},"loc":{"start":{"line":50,"column":38},"end":{"line":50,"column":72}},"line":50},"5":{"name":"addStationsToDefault","decl":{"start":{"line":54,"column":13},"end":{"line":54,"column":33}},"loc":{"start":{"line":54,"column":45},"end":{"line":68,"column":5}},"line":54},"6":{"name":"(anonymous_6)","decl":{"start":{"line":59,"column":26},"end":{"line":59,"column":27}},"loc":{"start":{"line":59,"column":36},"end":{"line":62,"column":9}},"line":59},"7":{"name":"chooseCity","decl":{"start":{"line":70,"column":13},"end":{"line":70,"column":23}},"loc":{"start":{"line":70,"column":36},"end":{"line":74,"column":5}},"line":70},"8":{"name":"switchView","decl":{"start":{"line":76,"column":13},"end":{"line":76,"column":23}},"loc":{"start":{"line":76,"column":41},"end":{"line":88,"column":5}},"line":76},"9":{"name":"renderView","decl":{"start":{"line":90,"column":13},"end":{"line":90,"column":23}},"loc":{"start":{"line":90,"column":26},"end":{"line":104,"column":5}},"line":90},"10":{"name":"renderFlashMessage","decl":{"start":{"line":106,"column":13},"end":{"line":106,"column":31}},"loc":{"start":{"line":106,"column":34},"end":{"line":110,"column":5}},"line":106},"11":{"name":"renderLoginModal","decl":{"start":{"line":112,"column":13},"end":{"line":112,"column":29}},"loc":{"start":{"line":112,"column":32},"end":{"line":117,"column":5}},"line":112},"12":{"name":"renderUsersTable","decl":{"start":{"line":119,"column":13},"end":{"line":119,"column":29}},"loc":{"start":{"line":119,"column":32},"end":{"line":124,"column":5}},"line":119},"13":{"name":"renderUser","decl":{"start":{"line":126,"column":13},"end":{"line":126,"column":23}},"loc":{"start":{"line":126,"column":26},"end":{"line":134,"column":5}},"line":126},"14":{"name":"renderBikesTable","decl":{"start":{"line":136,"column":13},"end":{"line":136,"column":29}},"loc":{"start":{"line":136,"column":32},"end":{"line":144,"column":5}},"line":136},"15":{"name":"renderBike","decl":{"start":{"line":146,"column":13},"end":{"line":146,"column":23}},"loc":{"start":{"line":146,"column":26},"end":{"line":155,"column":5}},"line":146},"16":{"name":"renderStationsTable","decl":{"start":{"line":157,"column":13},"end":{"line":157,"column":32}},"loc":{"start":{"line":157,"column":39},"end":{"line":165,"column":5}},"line":157},"17":{"name":"renderStation","decl":{"start":{"line":167,"column":13},"end":{"line":167,"column":26}},"loc":{"start":{"line":167,"column":33},"end":{"line":177,"column":5}},"line":167},"18":{"name":"renderOverviewMap","decl":{"start":{"line":179,"column":13},"end":{"line":179,"column":30}},"loc":{"start":{"line":179,"column":33},"end":{"line":186,"column":5}},"line":179},"19":{"name":"renderPrice","decl":{"start":{"line":188,"column":13},"end":{"line":188,"column":24}},"loc":{"start":{"line":188,"column":27},"end":{"line":194,"column":5}},"line":188}},"branchMap":{"0":{"loc":{"start":{"line":29,"column":24},"end":{"line":29,"column":79}},"type":"cond-expr","locations":[{"start":{"line":29,"column":51},"end":{"line":29,"column":63}},{"start":{"line":29,"column":66},"end":{"line":29,"column":79}}],"line":29},"1":{"loc":{"start":{"line":71,"column":8},"end":{"line":71,"column":71}},"type":"if","locations":[{"start":{"line":71,"column":8},"end":{"line":71,"column":71}},{"start":{},"end":{}}],"line":71},"2":{"loc":{"start":{"line":76,"column":30},"end":{"line":76,"column":39}},"type":"default-arg","locations":[{"start":{"line":76,"column":37},"end":{"line":76,"column":39}}],"line":76},"3":{"loc":{"start":{"line":81,"column":8},"end":{"line":85,"column":9}},"type":"if","locations":[{"start":{"line":81,"column":8},"end":{"line":85,"column":9}},{"start":{},"end":{}}],"line":81},"4":{"loc":{"start":{"line":91,"column":8},"end":{"line":103,"column":9}},"type":"switch","locations":[{"start":{"line":92,"column":12},"end":{"line":92,"column":57}},{"start":{"line":93,"column":12},"end":{"line":93,"column":52}},{"start":{"line":94,"column":12},"end":{"line":94,"column":45}},{"start":{"line":95,"column":12},"end":{"line":95,"column":52}},{"start":{"line":96,"column":12},"end":{"line":96,"column":45}},{"start":{"line":97,"column":12},"end":{"line":97,"column":72}},{"start":{"line":98,"column":12},"end":{"line":98,"column":65}},{"start":{"line":99,"column":12},"end":{"line":99,"column":74}},{"start":{"line":100,"column":12},"end":{"line":100,"column":67}},{"start":{"line":101,"column":12},"end":{"line":101,"column":59}},{"start":{"line":102,"column":12},"end":{"line":102,"column":47}}],"line":91},"5":{"loc":{"start":{"line":210,"column":17},"end":{"line":210,"column":55}},"type":"binary-expr","locations":[{"start":{"line":210,"column":17},"end":{"line":210,"column":24}},{"start":{"line":210,"column":28},"end":{"line":210,"column":55}}],"line":210}},"s":{"0":0,"1":0,"2":0,"3":0,"4":0,"5":0,"6":0,"7":0,"8":0,"9":0,"10":0,"11":0,"12":0,"13":0,"14":0,"15":0,"16":0,"17":0,"18":0,"19":0,"20":0,"21":0,"22":0,"23":0,"24":0,"25":0,"26":0,"27":0,"28":0,"29":0,"30":0,"31":0,"32":0,"33":0,"34":0,"35":0,"36":0,"37":0,"38":0,"39":0,"40":0,"41":0,"42":0,"43":0,"44":0,"45":0,"46":0,"47":0,"48":0,"49":0,"50":0,"51":0,"52":0,"53":0,"54":0,"55":0,"56":0,"57":0,"58":0,"59":0,"60":0,"61":0},"f":{"0":0,"1":0,"2":0,"3":0,"4":0,"5":0,"6":0,"7":0,"8":0,"9":0,"10":0,"11":0,"12":0,"13":0,"14":0,"15":0,"16":0,"17":0,"18":0,"19":0},"b":{"0":[0,0],"1":[0,0],"2":[0],"3":[0,0],"4":[0,0,0,0,0,0,0,0,0,0,0],"5":[0,0]}}
,"C:\\Users\\Richard\\Documents\\dbwebb\\pattern\\admin\\src\\index.js": {"path":"C:\\Users\\Richard\\Documents\\dbwebb\\pattern\\admin\\src\\index.js","statementMap":{"0":{"start":{"line":7,"column":0},"end":{"line":12,"column":2}},"1":{"start":{"line":17,"column":0},"end":{"line":17,"column":18}}},"fnMap":{},"branchMap":{},"s":{"0":0,"1":0},"f":{},"b":{}}
,"C:\\Users\\Richard\\Documents\\dbwebb\\pattern\\admin\\src\\reportWebVitals.js": {"path":"C:\\Users\\Richard\\Documents\\dbwebb\\pattern\\admin\\src\\reportWebVitals.js","statementMap":{"0":{"start":{"line":1,"column":24},"end":{"line":11,"column":1}},"1":{"start":{"line":2,"column":2},"end":{"line":10,"column":3}},"2":{"start":{"line":3,"column":4},"end":{"line":9,"column":7}},"3":{"start":{"line":4,"column":6},"end":{"line":4,"column":26}},"4":{"start":{"line":5,"column":6},"end":{"line":5,"column":26}},"5":{"start":{"line":6,"column":6},"end":{"line":6,"column":26}},"6":{"start":{"line":7,"column":6},"end":{"line":7,"column":26}},"7":{"start":{"line":8,"column":6},"end":{"line":8,"column":27}}},"fnMap":{"0":{"name":"(anonymous_0)","decl":{"start":{"line":1,"column":24},"end":{"line":1,"column":25}},"loc":{"start":{"line":1,"column":39},"end":{"line":11,"column":1}},"line":1},"1":{"name":"(anonymous_1)","decl":{"start":{"line":3,"column":30},"end":{"line":3,"column":31}},"loc":{"start":{"line":3,"column":79},"end":{"line":9,"column":5}},"line":3}},"branchMap":{"0":{"loc":{"start":{"line":2,"column":2},"end":{"line":10,"column":3}},"type":"if","locations":[{"start":{"line":2,"column":2},"end":{"line":10,"column":3}},{"start":{},"end":{}}],"line":2},"1":{"loc":{"start":{"line":2,"column":6},"end":{"line":2,"column":52}},"type":"binary-expr","locations":[{"start":{"line":2,"column":6},"end":{"line":2,"column":17}},{"start":{"line":2,"column":21},"end":{"line":2,"column":52}}],"line":2}},"s":{"0":0,"1":0,"2":0,"3":0,"4":0,"5":0,"6":0,"7":0},"f":{"0":0,"1":0},"b":{"0":[0,0],"1":[0,0]}}
,"C:\\Users\\Richard\\Documents\\dbwebb\\pattern\\admin\\src\\components\\Bike.js": {"path":"C:\\Users\\Richard\\Documents\\dbwebb\\pattern\\admin\\src\\components\\Bike.js","statementMap":{"0":{"start":{"line":6,"column":0},"end":{"line":13,"column":2}},"1":{"start":{"line":16,"column":30},"end":{"line":16,"column":52}},"2":{"start":{"line":17,"column":19},"end":{"line":17,"column":31}},"3":{"start":{"line":18,"column":17},"end":{"line":18,"column":27}},"4":{"start":{"line":20,"column":27},"end":{"line":20,"column":69}},"5":{"start":{"line":21,"column":28},"end":{"line":21,"column":71}},"6":{"start":{"line":22,"column":24},"end":{"line":25,"column":5}},"7":{"start":{"line":28,"column":21},"end":{"line":28,"column":65}},"8":{"start":{"line":29,"column":25},"end":{"line":29,"column":35}},"9":{"start":{"line":31,"column":30},"end":{"line":33,"column":10}},"10":{"start":{"line":32,"column":10},"end":{"line":32,"column":45}},"11":{"start":{"line":35,"column":8},"end":{"line":35,"column":32}},"12":{"start":{"line":39,"column":8},"end":{"line":43,"column":9}},"13":{"start":{"line":46,"column":4},"end":{"line":99,"column":6}}},"fnMap":{"0":{"name":"Bike","decl":{"start":{"line":15,"column":9},"end":{"line":15,"column":13}},"loc":{"start":{"line":15,"column":21},"end":{"line":100,"column":1}},"line":15},"1":{"name":"getThisBike","decl":{"start":{"line":27,"column":19},"end":{"line":27,"column":30}},"loc":{"start":{"line":27,"column":33},"end":{"line":36,"column":5}},"line":27},"2":{"name":"(anonymous_2)","decl":{"start":{"line":31,"column":46},"end":{"line":31,"column":47}},"loc":{"start":{"line":31,"column":61},"end":{"line":33,"column":9}},"line":31},"3":{"name":"renderPosition","decl":{"start":{"line":38,"column":13},"end":{"line":38,"column":27}},"loc":{"start":{"line":38,"column":34},"end":{"line":44,"column":5}},"line":38}},"branchMap":{"0":{"loc":{"start":{"line":70,"column":33},"end":{"line":70,"column":87}},"type":"cond-expr","locations":[{"start":{"line":70,"column":70},"end":{"line":70,"column":77}},{"start":{"line":70,"column":80},"end":{"line":70,"column":87}}],"line":70},"1":{"loc":{"start":{"line":72,"column":34},"end":{"line":72,"column":83}},"type":"cond-expr","locations":[{"start":{"line":72,"column":71},"end":{"line":72,"column":75}},{"start":{"line":72,"column":78},"end":{"line":72,"column":83}}],"line":72},"2":{"loc":{"start":{"line":74,"column":33},"end":{"line":74,"column":62}},"type":"binary-expr","locations":[{"start":{"line":74,"column":34},"end":{"line":74,"column":50}},{"start":{"line":74,"column":55},"end":{"line":74,"column":62}}],"line":74},"3":{"loc":{"start":{"line":76,"column":34},"end":{"line":76,"column":73}},"type":"binary-expr","locations":[{"start":{"line":76,"column":35},"end":{"line":76,"column":51}},{"start":{"line":76,"column":56},"end":{"line":76,"column":73}}],"line":76}},"s":{"0":1,"1":1,"2":1,"3":1,"4":1,"5":1,"6":1,"7":0,"8":0,"9":0,"10":0,"11":0,"12":1,"13":1},"f":{"0":1,"1":0,"2":0,"3":1},"b":{"0":[1,0],"1":[1,0],"2":[1,0],"3":[1,0]},"_coverageSchema":"1a1c01bbd47fc00a2c39e90264f33305004495a9","hash":"207bedba54d7e5c8dd82a62c0cbf85d862036334"}
,"C:\\Users\\Richard\\Documents\\dbwebb\\pattern\\admin\\src\\components\\BikeEndMaintenance.js": {"path":"C:\\Users\\Richard\\Documents\\dbwebb\\pattern\\admin\\src\\components\\BikeEndMaintenance.js","statementMap":{"0":{"start":{"line":4,"column":0},"end":{"line":10,"column":2}},"1":{"start":{"line":13,"column":17},"end":{"line":13,"column":27}},"2":{"start":{"line":16,"column":8},"end":{"line":16,"column":78}},"3":{"start":{"line":16,"column":39},"end":{"line":16,"column":76}},"4":{"start":{"line":18,"column":21},"end":{"line":18,"column":70}},"5":{"start":{"line":19,"column":24},"end":{"line":19,"column":78}},"6":{"start":{"line":21,"column":8},"end":{"line":21,"column":34}},"7":{"start":{"line":22,"column":8},"end":{"line":22,"column":25}},"8":{"start":{"line":25,"column":4},"end":{"line":27,"column":5}}},"fnMap":{"0":{"name":"BikeEndMaintenance","decl":{"start":{"line":12,"column":9},"end":{"line":12,"column":27}},"loc":{"start":{"line":12,"column":35},"end":{"line":28,"column":1}},"line":12},"1":{"name":"endMaintenance","decl":{"start":{"line":15,"column":19},"end":{"line":15,"column":33}},"loc":{"start":{"line":15,"column":36},"end":{"line":23,"column":5}},"line":15}},"branchMap":{"0":{"loc":{"start":{"line":16,"column":8},"end":{"line":16,"column":78}},"type":"if","locations":[{"start":{"line":16,"column":8},"end":{"line":16,"column":78}},{"start":{},"end":{}}],"line":16}},"s":{"0":7,"1":2,"2":1,"3":0,"4":0,"5":0,"6":0,"7":0,"8":2},"f":{"0":2,"1":1},"b":{"0":[0,0]},"_coverageSchema":"1a1c01bbd47fc00a2c39e90264f33305004495a9","hash":"8599ab9211f43d49d4d32ffacddd12be0bce8a88"}
,"C:\\Users\\Richard\\Documents\\dbwebb\\pattern\\admin\\src\\components\\BikeMoveForm.js": {"path":"C:\\Users\\Richard\\Documents\\dbwebb\\pattern\\admin\\src\\components\\BikeMoveForm.js","statementMap":{"0":{"start":{"line":4,"column":0},"end":{"line":11,"column":2}},"1":{"start":{"line":14,"column":17},"end":{"line":14,"column":27}},"2":{"start":{"line":15,"column":27},"end":{"line":15,"column":47}},"3":{"start":{"line":17,"column":40},"end":{"line":17,"column":52}},"4":{"start":{"line":18,"column":42},"end":{"line":18,"column":57}},"5":{"start":{"line":20,"column":4},"end":{"line":20,"column":52}},"6":{"start":{"line":20,"column":22},"end":{"line":20,"column":39}},"7":{"start":{"line":23,"column":32},"end":{"line":23,"column":58}},"8":{"start":{"line":24,"column":21},"end":{"line":24,"column":72}},"9":{"start":{"line":25,"column":22},"end":{"line":25,"column":66}},"10":{"start":{"line":27,"column":8},"end":{"line":32,"column":9}},"11":{"start":{"line":28,"column":36},"end":{"line":28,"column":84}},"12":{"start":{"line":29,"column":12},"end":{"line":29,"column":89}},"13":{"start":{"line":31,"column":12},"end":{"line":31,"column":34}},"14":{"start":{"line":33,"column":8},"end":{"line":33,"column":34}},"15":{"start":{"line":34,"column":8},"end":{"line":34,"column":25}},"16":{"start":{"line":37,"column":39},"end":{"line":37,"column":73}},"17":{"start":{"line":39,"column":4},"end":{"line":62,"column":5}},"18":{"start":{"line":47,"column":20},"end":{"line":49,"column":29}},"19":{"start":{"line":57,"column":35},"end":{"line":57,"column":63}}},"fnMap":{"0":{"name":"BikeMoveForm","decl":{"start":{"line":13,"column":9},"end":{"line":13,"column":21}},"loc":{"start":{"line":13,"column":29},"end":{"line":63,"column":1}},"line":13},"1":{"name":"(anonymous_1)","decl":{"start":{"line":20,"column":14},"end":{"line":20,"column":15}},"loc":{"start":{"line":20,"column":20},"end":{"line":20,"column":41}},"line":20},"2":{"name":"moveBike","decl":{"start":{"line":22,"column":19},"end":{"line":22,"column":27}},"loc":{"start":{"line":22,"column":30},"end":{"line":35,"column":5}},"line":22},"3":{"name":"stationSelection","decl":{"start":{"line":37,"column":13},"end":{"line":37,"column":29}},"loc":{"start":{"line":37,"column":37},"end":{"line":37,"column":75}},"line":37},"4":{"name":"(anonymous_4)","decl":{"start":{"line":46,"column":36},"end":{"line":46,"column":37}},"loc":{"start":{"line":47,"column":20},"end":{"line":49,"column":29}},"line":47},"5":{"name":"(anonymous_5)","decl":{"start":{"line":57,"column":29},"end":{"line":57,"column":30}},"loc":{"start":{"line":57,"column":35},"end":{"line":57,"column":63}},"line":57}},"branchMap":{"0":{"loc":{"start":{"line":27,"column":8},"end":{"line":32,"column":9}},"type":"if","locations":[{"start":{"line":27,"column":8},"end":{"line":32,"column":9}},{"start":{},"end":{}}],"line":27}},"s":{"0":2,"1":43,"2":43,"3":43,"4":43,"5":43,"6":18,"7":7,"8":7,"9":7,"10":0,"11":0,"12":0,"13":0,"14":0,"15":0,"16":1,"17":43,"18":134,"19":6},"f":{"0":43,"1":18,"2":7,"3":1,"4":134,"5":6},"b":{"0":[0,0]},"_coverageSchema":"1a1c01bbd47fc00a2c39e90264f33305004495a9","hash":"08cd49fcadc1d4eb762f6e07d038f4b834048a39"}
,"C:\\Users\\Richard\\Documents\\dbwebb\\pattern\\admin\\src\\components\\BikePopup.js": {"path":"C:\\Users\\Richard\\Documents\\dbwebb\\pattern\\admin\\src\\components\\BikePopup.js","statementMap":{"0":{"start":{"line":6,"column":0},"end":{"line":13,"column":2}},"1":{"start":{"line":17,"column":17},"end":{"line":17,"column":27}},"2":{"start":{"line":18,"column":27},"end":{"line":18,"column":69}},"3":{"start":{"line":21,"column":8},"end":{"line":26,"column":55}},"4":{"start":{"line":30,"column":8},"end":{"line":37,"column":55}},"5":{"start":{"line":41,"column":8},"end":{"line":41,"column":49}},"6":{"start":{"line":41,"column":31},"end":{"line":41,"column":47}},"7":{"start":{"line":44,"column":8},"end":{"line":44,"column":62}},"8":{"start":{"line":44,"column":40},"end":{"line":44,"column":60}},"9":{"start":{"line":45,"column":8},"end":{"line":45,"column":55}},"10":{"start":{"line":45,"column":32},"end":{"line":45,"column":53}},"11":{"start":{"line":46,"column":8},"end":{"line":48,"column":9}},"12":{"start":{"line":47,"column":12},"end":{"line":47,"column":43}},"13":{"start":{"line":50,"column":8},"end":{"line":53,"column":18}},"14":{"start":{"line":57,"column":23},"end":{"line":57,"column":38}},"15":{"start":{"line":58,"column":8},"end":{"line":58,"column":62}},"16":{"start":{"line":58,"column":30},"end":{"line":58,"column":60}},"17":{"start":{"line":59,"column":8},"end":{"line":59,"column":64}},"18":{"start":{"line":59,"column":31},"end":{"line":59,"column":62}},"19":{"start":{"line":60,"column":8},"end":{"line":60,"column":24}},"20":{"start":{"line":63,"column":4},"end":{"line":91,"column":6}}},"fnMap":{"0":{"name":"BikePopup","decl":{"start":{"line":15,"column":9},"end":{"line":15,"column":18}},"loc":{"start":{"line":15,"column":26},"end":{"line":92,"column":1}},"line":15},"1":{"name":"renderEndMaintenance","decl":{"start":{"line":20,"column":13},"end":{"line":20,"column":33}},"loc":{"start":{"line":20,"column":36},"end":{"line":27,"column":5}},"line":20},"2":{"name":"renderBikePopupMoveForm","decl":{"start":{"line":29,"column":13},"end":{"line":29,"column":36}},"loc":{"start":{"line":29,"column":39},"end":{"line":38,"column":5}},"line":29},"3":{"name":"renderStatusInfo","decl":{"start":{"line":40,"column":13},"end":{"line":40,"column":29}},"loc":{"start":{"line":40,"column":32},"end":{"line":54,"column":5}},"line":40},"4":{"name":"renderPositionInfo","decl":{"start":{"line":56,"column":13},"end":{"line":56,"column":31}},"loc":{"start":{"line":56,"column":34},"end":{"line":61,"column":5}},"line":56}},"branchMap":{"0":{"loc":{"start":{"line":41,"column":8},"end":{"line":41,"column":49}},"type":"if","locations":[{"start":{"line":41,"column":8},"end":{"line":41,"column":49}},{"start":{},"end":{}}],"line":41},"1":{"loc":{"start":{"line":44,"column":8},"end":{"line":44,"column":62}},"type":"if","locations":[{"start":{"line":44,"column":8},"end":{"line":44,"column":62}},{"start":{},"end":{}}],"line":44},"2":{"loc":{"start":{"line":45,"column":8},"end":{"line":45,"column":55}},"type":"if","locations":[{"start":{"line":45,"column":8},"end":{"line":45,"column":55}},{"start":{},"end":{}}],"line":45},"3":{"loc":{"start":{"line":46,"column":8},"end":{"line":48,"column":9}},"type":"if","locations":[{"start":{"line":46,"column":8},"end":{"line":48,"column":9}},{"start":{},"end":{}}],"line":46},"4":{"loc":{"start":{"line":46,"column":12},"end":{"line":46,"column":58}},"type":"binary-expr","locations":[{"start":{"line":46,"column":12},"end":{"line":46,"column":28}},{"start":{"line":46,"column":33},"end":{"line":46,"column":57}}],"line":46},"5":{"loc":{"start":{"line":58,"column":8},"end":{"line":58,"column":62}},"type":"if","locations":[{"start":{"line":58,"column":8},"end":{"line":58,"column":62}},{"start":{},"end":{}}],"line":58},"6":{"loc":{"start":{"line":59,"column":8},"end":{"line":59,"column":64}},"type":"if","locations":[{"start":{"line":59,"column":8},"end":{"line":59,"column":64}},{"start":{},"end":{}}],"line":59},"7":{"loc":{"start":{"line":70,"column":21},"end":{"line":70,"column":78}},"type":"cond-expr","locations":[{"start":{"line":70,"column":58},"end":{"line":70,"column":65}},{"start":{"line":70,"column":68},"end":{"line":70,"column":78}}],"line":70},"8":{"loc":{"start":{"line":74,"column":17},"end":{"line":74,"column":73}},"type":"binary-expr","locations":[{"start":{"line":74,"column":18},"end":{"line":74,"column":50}},{"start":{"line":74,"column":55},"end":{"line":74,"column":73}}],"line":74},"9":{"loc":{"start":{"line":88,"column":13},"end":{"line":88,"column":76}},"type":"binary-expr","locations":[{"start":{"line":88,"column":14},"end":{"line":88,"column":46}},{"start":{"line":88,"column":51},"end":{"line":88,"column":76}}],"line":88},"10":{"loc":{"start":{"line":89,"column":13},"end":{"line":89,"column":90}},"type":"binary-expr","locations":[{"start":{"line":89,"column":14},"end":{"line":89,"column":30}},{"start":{"line":89,"column":35},"end":{"line":89,"column":62}},{"start":{"line":89,"column":68},"end":{"line":89,"column":90}}],"line":89}},"s":{"0":5,"1":1,"2":1,"3":0,"4":1,"5":0,"6":0,"7":0,"8":0,"9":0,"10":0,"11":0,"12":0,"13":0,"14":1,"15":1,"16":1,"17":1,"18":0,"19":1,"20":1},"f":{"0":1,"1":0,"2":1,"3":0,"4":1},"b":{"0":[0,0],"1":[0,0],"2":[0,0],"3":[0,0],"4":[0,0],"5":[1,0],"6":[0,1],"7":[1,0],"8":[1,0],"9":[1,1],"10":[1,0,0]},"_coverageSchema":"1a1c01bbd47fc00a2c39e90264f33305004495a9","hash":"aeef0a08ddd38b6670df10b73802a7f76724380f"}
,"C:\\Users\\Richard\\Documents\\dbwebb\\pattern\\admin\\src\\components\\BikePopupMoveForm.js": {"path":"C:\\Users\\Richard\\Documents\\dbwebb\\pattern\\admin\\src\\components\\BikePopupMoveForm.js","statementMap":{"0":{"start":{"line":4,"column":0},"end":{"line":12,"column":2}},"1":{"start":{"line":15,"column":17},"end":{"line":15,"column":27}},"2":{"start":{"line":17,"column":40},"end":{"line":17,"column":52}},"3":{"start":{"line":18,"column":42},"end":{"line":18,"column":57}},"4":{"start":{"line":20,"column":4},"end":{"line":20,"column":52}},"5":{"start":{"line":20,"column":22},"end":{"line":20,"column":39}},"6":{"start":{"line":23,"column":32},"end":{"line":23,"column":64}},"7":{"start":{"line":24,"column":21},"end":{"line":24,"column":72}},"8":{"start":{"line":25,"column":22},"end":{"line":25,"column":66}},"9":{"start":{"line":27,"column":8},"end":{"line":32,"column":9}},"10":{"start":{"line":28,"column":36},"end":{"line":28,"column":84}},"11":{"start":{"line":29,"column":12},"end":{"line":29,"column":89}},"12":{"start":{"line":31,"column":12},"end":{"line":31,"column":34}},"13":{"start":{"line":33,"column":8},"end":{"line":33,"column":34}},"14":{"start":{"line":34,"column":8},"end":{"line":34,"column":25}},"15":{"start":{"line":35,"column":8},"end":{"line":35,"column":45}},"16":{"start":{"line":39,"column":8},"end":{"line":39,"column":42}},"17":{"start":{"line":42,"column":4},"end":{"line":64,"column":6}},"18":{"start":{"line":49,"column":20},"end":{"line":51,"column":29}},"19":{"start":{"line":59,"column":35},"end":{"line":59,"column":63}}},"fnMap":{"0":{"name":"BikePopupMoveForm","decl":{"start":{"line":14,"column":9},"end":{"line":14,"column":26}},"loc":{"start":{"line":14,"column":34},"end":{"line":65,"column":1}},"line":14},"1":{"name":"(anonymous_1)","decl":{"start":{"line":20,"column":14},"end":{"line":20,"column":15}},"loc":{"start":{"line":20,"column":20},"end":{"line":20,"column":41}},"line":20},"2":{"name":"moveBike","decl":{"start":{"line":22,"column":19},"end":{"line":22,"column":27}},"loc":{"start":{"line":22,"column":30},"end":{"line":36,"column":5}},"line":22},"3":{"name":"stationSelection","decl":{"start":{"line":38,"column":13},"end":{"line":38,"column":29}},"loc":{"start":{"line":38,"column":37},"end":{"line":40,"column":5}},"line":38},"4":{"name":"(anonymous_4)","decl":{"start":{"line":48,"column":42},"end":{"line":48,"column":43}},"loc":{"start":{"line":49,"column":20},"end":{"line":51,"column":29}},"line":49},"5":{"name":"(anonymous_5)","decl":{"start":{"line":59,"column":29},"end":{"line":59,"column":30}},"loc":{"start":{"line":59,"column":35},"end":{"line":59,"column":63}},"line":59}},"branchMap":{"0":{"loc":{"start":{"line":27,"column":8},"end":{"line":32,"column":9}},"type":"if","locations":[{"start":{"line":27,"column":8},"end":{"line":32,"column":9}},{"start":{},"end":{}}],"line":27}},"s":{"0":6,"1":19,"2":19,"3":19,"4":19,"5":3,"6":8,"7":8,"8":8,"9":0,"10":0,"11":0,"12":0,"13":0,"14":0,"15":0,"16":8,"17":19,"18":152,"19":6},"f":{"0":19,"1":3,"2":8,"3":8,"4":152,"5":6},"b":{"0":[0,0]},"_coverageSchema":"1a1c01bbd47fc00a2c39e90264f33305004495a9","hash":"7c22eeef712ee93170c23aad8f875f4c4ce5c5ba"}
,"C:\\Users\\Richard\\Documents\\dbwebb\\pattern\\admin\\src\\components\\BikePosition.js": {"path":"C:\\Users\\Richard\\Documents\\dbwebb\\pattern\\admin\\src\\components\\BikePosition.js","statementMap":{"0":{"start":{"line":4,"column":0},"end":{"line":7,"column":2}},"1":{"start":{"line":10,"column":17},"end":{"line":10,"column":27}},"2":{"start":{"line":14,"column":4},"end":{"line":23,"column":5}},"3":{"start":{"line":15,"column":8},"end":{"line":15,"column":39}},"4":{"start":{"line":16,"column":8},"end":{"line":16,"column":56}},"5":{"start":{"line":17,"column":11},"end":{"line":23,"column":5}},"6":{"start":{"line":18,"column":8},"end":{"line":18,"column":31}},"7":{"start":{"line":19,"column":8},"end":{"line":19,"column":57}},"8":{"start":{"line":21,"column":8},"end":{"line":21,"column":32}},"9":{"start":{"line":22,"column":8},"end":{"line":22,"column":31}},"10":{"start":{"line":26,"column":28},"end":{"line":26,"column":46}},"11":{"start":{"line":27,"column":25},"end":{"line":27,"column":64}},"12":{"start":{"line":29,"column":8},"end":{"line":31,"column":11}},"13":{"start":{"line":30,"column":12},"end":{"line":30,"column":67}},"14":{"start":{"line":30,"column":38},"end":{"line":30,"column":65}},"15":{"start":{"line":32,"column":8},"end":{"line":32,"column":27}},"16":{"start":{"line":35,"column":4},"end":{"line":40,"column":6}}},"fnMap":{"0":{"name":"BikePosition","decl":{"start":{"line":9,"column":9},"end":{"line":9,"column":21}},"loc":{"start":{"line":9,"column":29},"end":{"line":41,"column":1}},"line":9},"1":{"name":"getStationName","decl":{"start":{"line":25,"column":13},"end":{"line":25,"column":27}},"loc":{"start":{"line":25,"column":38},"end":{"line":33,"column":5}},"line":25},"2":{"name":"(anonymous_2)","decl":{"start":{"line":29,"column":25},"end":{"line":29,"column":26}},"loc":{"start":{"line":29,"column":38},"end":{"line":31,"column":9}},"line":29}},"branchMap":{"0":{"loc":{"start":{"line":14,"column":4},"end":{"line":23,"column":5}},"type":"if","locations":[{"start":{"line":14,"column":4},"end":{"line":23,"column":5}},{"start":{"line":17,"column":11},"end":{"line":23,"column":5}}],"line":14},"1":{"loc":{"start":{"line":17,"column":11},"end":{"line":23,"column":5}},"type":"if","locations":[{"start":{"line":17,"column":11},"end":{"line":23,"column":5}},{"start":{"line":20,"column":11},"end":{"line":23,"column":5}}],"line":17},"2":{"loc":{"start":{"line":30,"column":12},"end":{"line":30,"column":67}},"type":"if","locations":[{"start":{"line":30,"column":12},"end":{"line":30,"column":67}},{"start":{},"end":{}}],"line":30}},"s":{"0":2,"1":15,"2":15,"3":9,"4":9,"5":6,"6":0,"7":0,"8":6,"9":6,"10":9,"11":9,"12":9,"13":9,"14":9,"15":9,"16":15},"f":{"0":15,"1":9,"2":9},"b":{"0":[9,6],"1":[0,6],"2":[9,0]},"_coverageSchema":"1a1c01bbd47fc00a2c39e90264f33305004495a9","hash":"18b45f69c38788541f62928f275791ad588c6fd9"}
,"C:\\Users\\Richard\\Documents\\dbwebb\\pattern\\admin\\src\\components\\BikesTable.js": {"path":"C:\\Users\\Richard\\Documents\\dbwebb\\pattern\\admin\\src\\components\\BikesTable.js","statementMap":{"0":{"start":{"line":6,"column":0},"end":{"line":13,"column":2}},"1":{"start":{"line":16,"column":30},"end":{"line":16,"column":42}},"2":{"start":{"line":18,"column":24},"end":{"line":18,"column":41}},"3":{"start":{"line":19,"column":19},"end":{"line":19,"column":31}},"4":{"start":{"line":21,"column":4},"end":{"line":21,"column":46}},"5":{"start":{"line":21,"column":22},"end":{"line":21,"column":33}},"6":{"start":{"line":24,"column":21},"end":{"line":24,"column":62}},"7":{"start":{"line":25,"column":8},"end":{"line":25,"column":29}},"8":{"start":{"line":26,"column":8},"end":{"line":29,"column":9}},"9":{"start":{"line":27,"column":28},"end":{"line":27,"column":81}},"10":{"start":{"line":28,"column":12},"end":{"line":28,"column":38}},"11":{"start":{"line":33,"column":8},"end":{"line":33,"column":39}},"12":{"start":{"line":37,"column":8},"end":{"line":41,"column":9}},"13":{"start":{"line":45,"column":8},"end":{"line":53,"column":9}},"14":{"start":{"line":56,"column":4},"end":{"line":109,"column":6}},"15":{"start":{"line":60,"column":53},"end":{"line":60,"column":67}},"16":{"start":{"line":78,"column":20},"end":{"line":103,"column":25}},"17":{"start":{"line":80,"column":43},"end":{"line":80,"column":60}},"18":{"start":{"line":82,"column":43},"end":{"line":82,"column":60}},"19":{"start":{"line":84,"column":43},"end":{"line":84,"column":60}},"20":{"start":{"line":88,"column":43},"end":{"line":88,"column":60}},"21":{"start":{"line":97,"column":43},"end":{"line":97,"column":60}}},"fnMap":{"0":{"name":"BikesTable","decl":{"start":{"line":15,"column":9},"end":{"line":15,"column":19}},"loc":{"start":{"line":15,"column":27},"end":{"line":110,"column":1}},"line":15},"1":{"name":"(anonymous_1)","decl":{"start":{"line":21,"column":14},"end":{"line":21,"column":15}},"loc":{"start":{"line":21,"column":20},"end":{"line":21,"column":35}},"line":21},"2":{"name":"getBikes","decl":{"start":{"line":23,"column":19},"end":{"line":23,"column":27}},"loc":{"start":{"line":23,"column":42},"end":{"line":30,"column":5}},"line":23},"3":{"name":"handleClick","decl":{"start":{"line":32,"column":13},"end":{"line":32,"column":24}},"loc":{"start":{"line":32,"column":31},"end":{"line":34,"column":5}},"line":32},"4":{"name":"renderPosition","decl":{"start":{"line":36,"column":13},"end":{"line":36,"column":27}},"loc":{"start":{"line":36,"column":34},"end":{"line":42,"column":5}},"line":36},"5":{"name":"renderMaintenance","decl":{"start":{"line":44,"column":13},"end":{"line":44,"column":30}},"loc":{"start":{"line":44,"column":37},"end":{"line":54,"column":5}},"line":44},"6":{"name":"(anonymous_6)","decl":{"start":{"line":60,"column":47},"end":{"line":60,"column":48}},"loc":{"start":{"line":60,"column":53},"end":{"line":60,"column":67}},"line":60},"7":{"name":"(anonymous_7)","decl":{"start":{"line":77,"column":27},"end":{"line":77,"column":28}},"loc":{"start":{"line":78,"column":20},"end":{"line":103,"column":25}},"line":78},"8":{"name":"(anonymous_8)","decl":{"start":{"line":80,"column":37},"end":{"line":80,"column":38}},"loc":{"start":{"line":80,"column":43},"end":{"line":80,"column":60}},"line":80},"9":{"name":"(anonymous_9)","decl":{"start":{"line":82,"column":37},"end":{"line":82,"column":38}},"loc":{"start":{"line":82,"column":43},"end":{"line":82,"column":60}},"line":82},"10":{"name":"(anonymous_10)","decl":{"start":{"line":84,"column":37},"end":{"line":84,"column":38}},"loc":{"start":{"line":84,"column":43},"end":{"line":84,"column":60}},"line":84},"11":{"name":"(anonymous_11)","decl":{"start":{"line":88,"column":37},"end":{"line":88,"column":38}},"loc":{"start":{"line":88,"column":43},"end":{"line":88,"column":60}},"line":88},"12":{"name":"(anonymous_12)","decl":{"start":{"line":97,"column":37},"end":{"line":97,"column":38}},"loc":{"start":{"line":97,"column":43},"end":{"line":97,"column":60}},"line":97}},"branchMap":{"0":{"loc":{"start":{"line":23,"column":28},"end":{"line":23,"column":40}},"type":"default-arg","locations":[{"start":{"line":23,"column":35},"end":{"line":23,"column":40}}],"line":23},"1":{"loc":{"start":{"line":26,"column":8},"end":{"line":29,"column":9}},"type":"if","locations":[{"start":{"line":26,"column":8},"end":{"line":29,"column":9}},{"start":{},"end":{}}],"line":26},"2":{"loc":{"start":{"line":91,"column":37},"end":{"line":91,"column":91}},"type":"cond-expr","locations":[{"start":{"line":91,"column":74},"end":{"line":91,"column":81}},{"start":{"line":91,"column":84},"end":{"line":91,"column":91}}],"line":91},"3":{"loc":{"start":{"line":93,"column":38},"end":{"line":93,"column":87}},"type":"cond-expr","locations":[{"start":{"line":93,"column":75},"end":{"line":93,"column":79}},{"start":{"line":93,"column":82},"end":{"line":93,"column":87}}],"line":93}},"s":{"0":1,"1":6,"2":6,"3":6,"4":6,"5":3,"6":3,"7":3,"8":3,"9":0,"10":0,"11":0,"12":15,"13":15,"14":6,"15":0,"16":15,"17":0,"18":0,"19":0,"20":0,"21":0},"f":{"0":6,"1":3,"2":3,"3":0,"4":15,"5":15,"6":0,"7":15,"8":0,"9":0,"10":0,"11":0,"12":0},"b":{"0":[3],"1":[0,3],"2":[15,0],"3":[15,0]},"_coverageSchema":"1a1c01bbd47fc00a2c39e90264f33305004495a9","hash":"593e26f73c2674361d546a6060ef816a7e190ebf"}
,"C:\\Users\\Richard\\Documents\\dbwebb\\pattern\\admin\\src\\components\\BikesTableMaintenance.js": {"path":"C:\\Users\\Richard\\Documents\\dbwebb\\pattern\\admin\\src\\components\\BikesTableMaintenance.js","statementMap":{"0":{"start":{"line":6,"column":0},"end":{"line":13,"column":2}},"1":{"start":{"line":16,"column":17},"end":{"line":16,"column":27}},"2":{"start":{"line":17,"column":19},"end":{"line":17,"column":31}},"3":{"start":{"line":20,"column":8},"end":{"line":27,"column":9}},"4":{"start":{"line":31,"column":31},"end":{"line":31,"column":67}},"5":{"start":{"line":32,"column":8},"end":{"line":40,"column":9}},"6":{"start":{"line":44,"column":8},"end":{"line":50,"column":9}},"7":{"start":{"line":53,"column":4},"end":{"line":58,"column":6}}},"fnMap":{"0":{"name":"BikesTableMaintenance","decl":{"start":{"line":15,"column":9},"end":{"line":15,"column":30}},"loc":{"start":{"line":15,"column":38},"end":{"line":59,"column":1}},"line":15},"1":{"name":"renderEndMaintenance","decl":{"start":{"line":19,"column":13},"end":{"line":19,"column":33}},"loc":{"start":{"line":19,"column":40},"end":{"line":28,"column":5}},"line":19},"2":{"name":"renderMoveForm","decl":{"start":{"line":30,"column":13},"end":{"line":30,"column":27}},"loc":{"start":{"line":30,"column":34},"end":{"line":41,"column":5}},"line":30},"3":{"name":"renderInfo","decl":{"start":{"line":43,"column":13},"end":{"line":43,"column":23}},"loc":{"start":{"line":43,"column":26},"end":{"line":51,"column":5}},"line":43}},"branchMap":{"0":{"loc":{"start":{"line":47,"column":31},"end":{"line":47,"column":82}},"type":"cond-expr","locations":[{"start":{"line":47,"column":60},"end":{"line":47,"column":76}},{"start":{"line":47,"column":79},"end":{"line":47,"column":82}}],"line":47},"1":{"loc":{"start":{"line":48,"column":17},"end":{"line":48,"column":73}},"type":"binary-expr","locations":[{"start":{"line":48,"column":18},"end":{"line":48,"column":42}},{"start":{"line":48,"column":47},"end":{"line":48,"column":73}}],"line":48},"2":{"loc":{"start":{"line":55,"column":9},"end":{"line":55,"column":43}},"type":"binary-expr","locations":[{"start":{"line":55,"column":10},"end":{"line":55,"column":26}},{"start":{"line":55,"column":31},"end":{"line":55,"column":43}}],"line":55},"3":{"loc":{"start":{"line":56,"column":9},"end":{"line":56,"column":67}},"type":"binary-expr","locations":[{"start":{"line":56,"column":10},"end":{"line":56,"column":42}},{"start":{"line":56,"column":47},"end":{"line":56,"column":67}}],"line":56}},"s":{"0":1,"1":15,"2":15,"3":0,"4":15,"5":15,"6":0,"7":15},"f":{"0":15,"1":0,"2":15,"3":0},"b":{"0":[0,0],"1":[0,0],"2":[15,0],"3":[15,15]},"_coverageSchema":"1a1c01bbd47fc00a2c39e90264f33305004495a9","hash":"1b9820bcd2fdf1a892bcc22ab10f97da21777620"}
,"C:\\Users\\Richard\\Documents\\dbwebb\\pattern\\admin\\src\\components\\ChangeCity.js": {"path":"C:\\Users\\Richard\\Documents\\dbwebb\\pattern\\admin\\src\\components\\ChangeCity.js","statementMap":{"0":{"start":{"line":4,"column":0},"end":{"line":8,"column":2}},"1":{"start":{"line":11,"column":40},"end":{"line":11,"column":55}},"2":{"start":{"line":13,"column":23},"end":{"line":13,"column":35}},"3":{"start":{"line":14,"column":4},"end":{"line":14,"column":40}},"4":{"start":{"line":16,"column":20},"end":{"line":16,"column":43}},"5":{"start":{"line":19,"column":8},"end":{"line":19,"column":42}},"6":{"start":{"line":20,"column":8},"end":{"line":20,"column":45}},"7":{"start":{"line":23,"column":4},"end":{"line":39,"column":6}},"8":{"start":{"line":31,"column":20},"end":{"line":35,"column":33}}},"fnMap":{"0":{"name":"ChangeCity","decl":{"start":{"line":10,"column":9},"end":{"line":10,"column":19}},"loc":{"start":{"line":10,"column":27},"end":{"line":40,"column":1}},"line":10},"1":{"name":"handleChange","decl":{"start":{"line":18,"column":13},"end":{"line":18,"column":25}},"loc":{"start":{"line":18,"column":33},"end":{"line":21,"column":5}},"line":18},"2":{"name":"(anonymous_2)","decl":{"start":{"line":30,"column":29},"end":{"line":30,"column":30}},"loc":{"start":{"line":31,"column":20},"end":{"line":35,"column":33}},"line":31}},"branchMap":{},"s":{"0":2,"1":8,"2":8,"3":8,"4":8,"5":1,"6":1,"7":8,"8":32},"f":{"0":8,"1":1,"2":32},"b":{},"_coverageSchema":"1a1c01bbd47fc00a2c39e90264f33305004495a9","hash":"23a2312048f871168a7e41d8fc55252638708793"}
,"C:\\Users\\Richard\\Documents\\dbwebb\\pattern\\admin\\src\\components\\FlashMessage.js": {"path":"C:\\Users\\Richard\\Documents\\dbwebb\\pattern\\admin\\src\\components\\FlashMessage.js","statementMap":{"0":{"start":{"line":4,"column":0},"end":{"line":7,"column":2}},"1":{"start":{"line":10,"column":17},"end":{"line":10,"column":35}},"2":{"start":{"line":11,"column":18},"end":{"line":11,"column":37}},"3":{"start":{"line":12,"column":25},"end":{"line":12,"column":54}},"4":{"start":{"line":13,"column":23},"end":{"line":13,"column":51}},"5":{"start":{"line":15,"column":4},"end":{"line":29,"column":6}},"6":{"start":{"line":24,"column":61},"end":{"line":24,"column":83}}},"fnMap":{"0":{"name":"FlashMessage","decl":{"start":{"line":9,"column":9},"end":{"line":9,"column":21}},"loc":{"start":{"line":9,"column":29},"end":{"line":30,"column":1}},"line":9},"1":{"name":"(anonymous_1)","decl":{"start":{"line":24,"column":55},"end":{"line":24,"column":56}},"loc":{"start":{"line":24,"column":61},"end":{"line":24,"column":83}},"line":24}},"branchMap":{"0":{"loc":{"start":{"line":12,"column":25},"end":{"line":12,"column":54}},"type":"cond-expr","locations":[{"start":{"line":12,"column":35},"end":{"line":12,"column":49}},{"start":{"line":12,"column":52},"end":{"line":12,"column":54}}],"line":12},"1":{"loc":{"start":{"line":13,"column":23},"end":{"line":13,"column":51}},"type":"cond-expr","locations":[{"start":{"line":13,"column":33},"end":{"line":13,"column":46}},{"start":{"line":13,"column":49},"end":{"line":13,"column":51}}],"line":13},"2":{"loc":{"start":{"line":21,"column":29},"end":{"line":21,"column":55}},"type":"cond-expr","locations":[{"start":{"line":21,"column":39},"end":{"line":21,"column":46}},{"start":{"line":21,"column":49},"end":{"line":21,"column":55}}],"line":21}},"s":{"0":0,"1":0,"2":0,"3":0,"4":0,"5":0,"6":0},"f":{"0":0,"1":0},"b":{"0":[0,0],"1":[0,0],"2":[0,0]}}
,"C:\\Users\\Richard\\Documents\\dbwebb\\pattern\\admin\\src\\components\\LoggedInBox.js": {"path":"C:\\Users\\Richard\\Documents\\dbwebb\\pattern\\admin\\src\\components\\LoggedInBox.js","statementMap":{"0":{"start":{"line":4,"column":0},"end":{"line":9,"column":2}},"1":{"start":{"line":14,"column":8},"end":{"line":14,"column":29}},"2":{"start":{"line":15,"column":8},"end":{"line":15,"column":34}},"3":{"start":{"line":16,"column":8},"end":{"line":16,"column":39}},"4":{"start":{"line":19,"column":4},"end":{"line":29,"column":6}}},"fnMap":{"0":{"name":"LoggedInBox","decl":{"start":{"line":11,"column":9},"end":{"line":11,"column":20}},"loc":{"start":{"line":11,"column":28},"end":{"line":30,"column":1}},"line":11},"1":{"name":"logOut","decl":{"start":{"line":13,"column":13},"end":{"line":13,"column":19}},"loc":{"start":{"line":13,"column":22},"end":{"line":17,"column":5}},"line":13}},"branchMap":{"0":{"loc":{"start":{"line":22,"column":17},"end":{"line":22,"column":61}},"type":"binary-expr","locations":[{"start":{"line":22,"column":18},"end":{"line":22,"column":44}},{"start":{"line":22,"column":49},"end":{"line":22,"column":61}}],"line":22}},"s":{"0":2,"1":0,"2":0,"3":0,"4":10},"f":{"0":10,"1":0},"b":{"0":[10,3]},"_coverageSchema":"1a1c01bbd47fc00a2c39e90264f33305004495a9","hash":"3287ba03cbeee9d809c54f8f0c2258d2993ea6d3"}
,"C:\\Users\\Richard\\Documents\\dbwebb\\pattern\\admin\\src\\components\\LoginModal.js": {"path":"C:\\Users\\Richard\\Documents\\dbwebb\\pattern\\admin\\src\\components\\LoginModal.js","statementMap":{"0":{"start":{"line":4,"column":0},"end":{"line":8,"column":2}},"1":{"start":{"line":11,"column":16},"end":{"line":14,"column":5}},"2":{"start":{"line":15,"column":36},"end":{"line":15,"column":48}},"3":{"start":{"line":16,"column":36},"end":{"line":16,"column":48}},"4":{"start":{"line":17,"column":34},"end":{"line":17,"column":55}},"5":{"start":{"line":20,"column":8},"end":{"line":20,"column":67}},"6":{"start":{"line":20,"column":39},"end":{"line":20,"column":65}},"7":{"start":{"line":22,"column":8},"end":{"line":22,"column":27}},"8":{"start":{"line":26,"column":21},"end":{"line":26,"column":62}},"9":{"start":{"line":27,"column":8},"end":{"line":27,"column":57}},"10":{"start":{"line":27,"column":27},"end":{"line":27,"column":55}},"11":{"start":{"line":29,"column":8},"end":{"line":29,"column":40}},"12":{"start":{"line":30,"column":8},"end":{"line":30,"column":40}},"13":{"start":{"line":33,"column":4},"end":{"line":74,"column":6}},"14":{"start":{"line":51,"column":51},"end":{"line":51,"column":90}},"15":{"start":{"line":61,"column":51},"end":{"line":61,"column":90}}},"fnMap":{"0":{"name":"LoginModal","decl":{"start":{"line":10,"column":9},"end":{"line":10,"column":19}},"loc":{"start":{"line":10,"column":27},"end":{"line":75,"column":1}},"line":10},"1":{"name":"handleInput","decl":{"start":{"line":19,"column":13},"end":{"line":19,"column":24}},"loc":{"start":{"line":19,"column":42},"end":{"line":23,"column":5}},"line":19},"2":{"name":"attemptLogin","decl":{"start":{"line":25,"column":19},"end":{"line":25,"column":31}},"loc":{"start":{"line":25,"column":34},"end":{"line":31,"column":5}},"line":25},"3":{"name":"(anonymous_3)","decl":{"start":{"line":51,"column":46},"end":{"line":51,"column":47}},"loc":{"start":{"line":51,"column":51},"end":{"line":51,"column":90}},"line":51},"4":{"name":"(anonymous_4)","decl":{"start":{"line":61,"column":46},"end":{"line":61,"column":47}},"loc":{"start":{"line":61,"column":51},"end":{"line":61,"column":90}},"line":61}},"branchMap":{"0":{"loc":{"start":{"line":20,"column":8},"end":{"line":20,"column":67}},"type":"if","locations":[{"start":{"line":20,"column":8},"end":{"line":20,"column":67}},{"start":{},"end":{}}],"line":20},"1":{"loc":{"start":{"line":27,"column":8},"end":{"line":27,"column":57}},"type":"if","locations":[{"start":{"line":27,"column":8},"end":{"line":27,"column":57}},{"start":{},"end":{}}],"line":27},"2":{"loc":{"start":{"line":39,"column":25},"end":{"line":39,"column":72}},"type":"cond-expr","locations":[{"start":{"line":39,"column":53},"end":{"line":39,"column":62}},{"start":{"line":39,"column":65},"end":{"line":39,"column":72}}],"line":39}},"s":{"0":1,"1":22,"2":22,"3":22,"4":22,"5":20,"6":8,"7":12,"8":1,"9":1,"10":0,"11":1,"12":1,"13":22,"14":8,"15":12},"f":{"0":22,"1":20,"2":1,"3":8,"4":12},"b":{"0":[8,12],"1":[0,1],"2":[22,0]},"_coverageSchema":"1a1c01bbd47fc00a2c39e90264f33305004495a9","hash":"a0c504679f9f5a3256294b7d20e11f889aaf43bb"}
,"C:\\Users\\Richard\\Documents\\dbwebb\\pattern\\admin\\src\\components\\Map.js": {"path":"C:\\Users\\Richard\\Documents\\dbwebb\\pattern\\admin\\src\\components\\Map.js","statementMap":{"0":{"start":{"line":9,"column":0},"end":{"line":21,"column":2}},"1":{"start":{"line":24,"column":28},"end":{"line":24,"column":39}},"2":{"start":{"line":25,"column":42},"end":{"line":25,"column":74}},"3":{"start":{"line":26,"column":30},"end":{"line":26,"column":42}},"4":{"start":{"line":27,"column":48},"end":{"line":27,"column":60}},"5":{"start":{"line":28,"column":50},"end":{"line":28,"column":62}},"6":{"start":{"line":29,"column":40},"end":{"line":29,"column":52}},"7":{"start":{"line":31,"column":4},"end":{"line":38,"column":16}},"8":{"start":{"line":32,"column":8},"end":{"line":32,"column":28}},"9":{"start":{"line":33,"column":8},"end":{"line":33,"column":42}},"10":{"start":{"line":34,"column":8},"end":{"line":34,"column":30}},"11":{"start":{"line":35,"column":8},"end":{"line":35,"column":48}},"12":{"start":{"line":36,"column":8},"end":{"line":36,"column":50}},"13":{"start":{"line":37,"column":8},"end":{"line":37,"column":27}},"14":{"start":{"line":41,"column":8},"end":{"line":41,"column":97}},"15":{"start":{"line":41,"column":58},"end":{"line":41,"column":95}},"16":{"start":{"line":45,"column":8},"end":{"line":49,"column":11}},"17":{"start":{"line":53,"column":8},"end":{"line":62,"column":9}},"18":{"start":{"line":66,"column":8},"end":{"line":72,"column":10}},"19":{"start":{"line":76,"column":28},"end":{"line":76,"column":30}},"20":{"start":{"line":78,"column":8},"end":{"line":81,"column":9}},"21":{"start":{"line":79,"column":12},"end":{"line":79,"column":53}},"22":{"start":{"line":80,"column":12},"end":{"line":80,"column":46}},"23":{"start":{"line":83,"column":8},"end":{"line":85,"column":11}},"24":{"start":{"line":84,"column":12},"end":{"line":84,"column":79}},"25":{"start":{"line":84,"column":31},"end":{"line":84,"column":77}},"26":{"start":{"line":87,"column":8},"end":{"line":87,"column":35}},"27":{"start":{"line":88,"column":8},"end":{"line":88,"column":15}},"28":{"start":{"line":92,"column":8},"end":{"line":92,"column":53}},"29":{"start":{"line":95,"column":4},"end":{"line":130,"column":6}},"30":{"start":{"line":109,"column":24},"end":{"line":111,"column":31}},"31":{"start":{"line":110,"column":28},"end":{"line":110,"column":58}},"32":{"start":{"line":112,"column":24},"end":{"line":112,"column":55}},"33":{"start":{"line":113,"column":24},"end":{"line":113,"column":36}},"34":{"start":{"line":117,"column":20},"end":{"line":117,"column":65}},"35":{"start":{"line":120,"column":20},"end":{"line":120,"column":81}},"36":{"start":{"line":123,"column":20},"end":{"line":123,"column":82}},"37":{"start":{"line":126,"column":20},"end":{"line":126,"column":73}}},"fnMap":{"0":{"name":"Map","decl":{"start":{"line":23,"column":9},"end":{"line":23,"column":12}},"loc":{"start":{"line":23,"column":20},"end":{"line":131,"column":1}},"line":23},"1":{"name":"(anonymous_1)","decl":{"start":{"line":31,"column":14},"end":{"line":31,"column":15}},"loc":{"start":{"line":31,"column":20},"end":{"line":38,"column":5}},"line":31},"2":{"name":"closeAnyOpenPopup","decl":{"start":{"line":40,"column":13},"end":{"line":40,"column":30}},"loc":{"start":{"line":40,"column":34},"end":{"line":42,"column":5}},"line":40},"3":{"name":"getIcon","decl":{"start":{"line":44,"column":13},"end":{"line":44,"column":20}},"loc":{"start":{"line":44,"column":57},"end":{"line":50,"column":5}},"line":44},"4":{"name":"drawBike","decl":{"start":{"line":52,"column":13},"end":{"line":52,"column":21}},"loc":{"start":{"line":52,"column":28},"end":{"line":63,"column":5}},"line":52},"5":{"name":"drawStation","decl":{"start":{"line":65,"column":13},"end":{"line":65,"column":24}},"loc":{"start":{"line":65,"column":40},"end":{"line":73,"column":5}},"line":65},"6":{"name":"createCityLimits","decl":{"start":{"line":75,"column":13},"end":{"line":75,"column":29}},"loc":{"start":{"line":75,"column":32},"end":{"line":89,"column":5}},"line":75},"7":{"name":"(anonymous_7)","decl":{"start":{"line":83,"column":42},"end":{"line":83,"column":43}},"loc":{"start":{"line":83,"column":49},"end":{"line":85,"column":9}},"line":83},"8":{"name":"drawCityLimits","decl":{"start":{"line":91,"column":13},"end":{"line":91,"column":27}},"loc":{"start":{"line":91,"column":36},"end":{"line":93,"column":5}},"line":91},"9":{"name":"(anonymous_9)","decl":{"start":{"line":108,"column":21},"end":{"line":108,"column":22}},"loc":{"start":{"line":108,"column":30},"end":{"line":114,"column":21}},"line":108},"10":{"name":"(anonymous_10)","decl":{"start":{"line":109,"column":34},"end":{"line":109,"column":35}},"loc":{"start":{"line":109,"column":40},"end":{"line":111,"column":25}},"line":109},"11":{"name":"(anonymous_11)","decl":{"start":{"line":116,"column":27},"end":{"line":116,"column":28}},"loc":{"start":{"line":116,"column":40},"end":{"line":118,"column":17}},"line":116},"12":{"name":"(anonymous_12)","decl":{"start":{"line":119,"column":36},"end":{"line":119,"column":37}},"loc":{"start":{"line":119,"column":52},"end":{"line":121,"column":17}},"line":119},"13":{"name":"(anonymous_13)","decl":{"start":{"line":122,"column":37},"end":{"line":122,"column":38}},"loc":{"start":{"line":122,"column":53},"end":{"line":124,"column":17}},"line":122},"14":{"name":"(anonymous_14)","decl":{"start":{"line":125,"column":32},"end":{"line":125,"column":33}},"loc":{"start":{"line":125,"column":47},"end":{"line":127,"column":17}},"line":125}},"branchMap":{"0":{"loc":{"start":{"line":41,"column":8},"end":{"line":41,"column":97}},"type":"if","locations":[{"start":{"line":41,"column":8},"end":{"line":41,"column":97}},{"start":{},"end":{}}],"line":41},"1":{"loc":{"start":{"line":78,"column":8},"end":{"line":81,"column":9}},"type":"if","locations":[{"start":{"line":78,"column":8},"end":{"line":81,"column":9}},{"start":{},"end":{}}],"line":78},"2":{"loc":{"start":{"line":84,"column":12},"end":{"line":84,"column":79}},"type":"if","locations":[{"start":{"line":84,"column":12},"end":{"line":84,"column":79}},{"start":{},"end":{}}],"line":84}},"s":{"0":3,"1":1,"2":1,"3":1,"4":1,"5":1,"6":1,"7":1,"8":0,"9":0,"10":0,"11":0,"12":0,"13":0,"14":0,"15":0,"16":0,"17":0,"18":0,"19":0,"20":0,"21":0,"22":0,"23":0,"24":0,"25":0,"26":0,"27":0,"28":0,"29":1,"30":0,"31":0,"32":0,"33":0,"34":0,"35":0,"36":0,"37":0},"f":{"0":1,"1":0,"2":0,"3":0,"4":0,"5":0,"6":0,"7":0,"8":0,"9":0,"10":0,"11":0,"12":0,"13":0,"14":0},"b":{"0":[0,0],"1":[0,0],"2":[0,0]},"_coverageSchema":"1a1c01bbd47fc00a2c39e90264f33305004495a9","hash":"8863141808b76dc14451451813822e5c9823d6f2"}
,"C:\\Users\\Richard\\Documents\\dbwebb\\pattern\\admin\\src\\components\\MapBike.js": {"path":"C:\\Users\\Richard\\Documents\\dbwebb\\pattern\\admin\\src\\components\\MapBike.js","statementMap":{"0":{"start":{"line":6,"column":0},"end":{"line":14,"column":2}},"1":{"start":{"line":17,"column":17},"end":{"line":17,"column":27}},"2":{"start":{"line":18,"column":21},"end":{"line":18,"column":66}},"3":{"start":{"line":20,"column":4},"end":{"line":34,"column":5}}},"fnMap":{"0":{"name":"MapBike","decl":{"start":{"line":16,"column":9},"end":{"line":16,"column":16}},"loc":{"start":{"line":16,"column":24},"end":{"line":35,"column":1}},"line":16}},"branchMap":{},"s":{"0":4,"1":1,"2":1,"3":1},"f":{"0":1},"b":{},"_coverageSchema":"1a1c01bbd47fc00a2c39e90264f33305004495a9","hash":"2388ef7bb9e11994135cea82a34905598c3480ac"}
,"C:\\Users\\Richard\\Documents\\dbwebb\\pattern\\admin\\src\\components\\MapCityLimits.js": {"path":"C:\\Users\\Richard\\Documents\\dbwebb\\pattern\\admin\\src\\components\\MapCityLimits.js","statementMap":{"0":{"start":{"line":5,"column":0},"end":{"line":7,"column":2}},"1":{"start":{"line":10,"column":20},"end":{"line":10,"column":63}},"2":{"start":{"line":12,"column":19},"end":{"line":15,"column":5}},"3":{"start":{"line":17,"column":4},"end":{"line":21,"column":6}}},"fnMap":{"0":{"name":"MapCityLimits","decl":{"start":{"line":9,"column":9},"end":{"line":9,"column":22}},"loc":{"start":{"line":9,"column":30},"end":{"line":22,"column":1}},"line":9}},"branchMap":{},"s":{"0":3,"1":0,"2":0,"3":0},"f":{"0":0},"b":{},"_coverageSchema":"1a1c01bbd47fc00a2c39e90264f33305004495a9","hash":"ec8ca5d5bce2115c201ccfe8d6447e858c15fc6d"}
,"C:\\Users\\Richard\\Documents\\dbwebb\\pattern\\admin\\src\\components\\MapStation.js": {"path":"C:\\Users\\Richard\\Documents\\dbwebb\\pattern\\admin\\src\\components\\MapStation.js","statementMap":{"0":{"start":{"line":5,"column":0},"end":{"line":10,"column":2}},"1":{"start":{"line":13,"column":20},"end":{"line":13,"column":33}},"2":{"start":{"line":14,"column":17},"end":{"line":14,"column":27}},"3":{"start":{"line":16,"column":18},"end":{"line":16,"column":57}},"4":{"start":{"line":17,"column":20},"end":{"line":17,"column":36}},"5":{"start":{"line":18,"column":19},"end":{"line":18,"column":38}},"6":{"start":{"line":20,"column":22},"end":{"line":20,"column":38}},"7":{"start":{"line":22,"column":27},"end":{"line":25,"column":5}},"8":{"start":{"line":27,"column":19},"end":{"line":30,"column":5}},"9":{"start":{"line":32,"column":4},"end":{"line":48,"column":6}}},"fnMap":{"0":{"name":"MapStation","decl":{"start":{"line":12,"column":9},"end":{"line":12,"column":19}},"loc":{"start":{"line":12,"column":27},"end":{"line":49,"column":1}},"line":12}},"branchMap":{"0":{"loc":{"start":{"line":16,"column":18},"end":{"line":16,"column":57}},"type":"cond-expr","locations":[{"start":{"line":16,"column":41},"end":{"line":16,"column":47}},{"start":{"line":16,"column":50},"end":{"line":16,"column":57}}],"line":16},"1":{"loc":{"start":{"line":40,"column":33},"end":{"line":40,"column":96}},"type":"cond-expr","locations":[{"start":{"line":40,"column":55},"end":{"line":40,"column":78}},{"start":{"line":40,"column":81},"end":{"line":40,"column":96}}],"line":40}},"s":{"0":3,"1":0,"2":0,"3":0,"4":0,"5":0,"6":0,"7":0,"8":0,"9":0},"f":{"0":0},"b":{"0":[0,0],"1":[0,0]},"_coverageSchema":"1a1c01bbd47fc00a2c39e90264f33305004495a9","hash":"e0f0b01064166691215a15dc46cd8b4cf098b4d1"}
,"C:\\Users\\Richard\\Documents\\dbwebb\\pattern\\admin\\src\\components\\Menu.js": {"path":"C:\\Users\\Richard\\Documents\\dbwebb\\pattern\\admin\\src\\components\\Menu.js","statementMap":{"0":{"start":{"line":6,"column":0},"end":{"line":15,"column":2}},"1":{"start":{"line":18,"column":19},"end":{"line":18,"column":29}},"2":{"start":{"line":20,"column":37},"end":{"line":20,"column":60}},"3":{"start":{"line":22,"column":4},"end":{"line":69,"column":6}},"4":{"start":{"line":27,"column":35},"end":{"line":27,"column":66}},"5":{"start":{"line":37,"column":39},"end":{"line":37,"column":69}},"6":{"start":{"line":41,"column":39},"end":{"line":41,"column":63}},"7":{"start":{"line":45,"column":39},"end":{"line":45,"column":72}},"8":{"start":{"line":49,"column":39},"end":{"line":49,"column":73}},"9":{"start":{"line":53,"column":39},"end":{"line":53,"column":63}},"10":{"start":{"line":57,"column":39},"end":{"line":57,"column":63}}},"fnMap":{"0":{"name":"Menu","decl":{"start":{"line":17,"column":9},"end":{"line":17,"column":13}},"loc":{"start":{"line":17,"column":21},"end":{"line":70,"column":1}},"line":17},"1":{"name":"handleMenuClick","decl":{"start":{"line":20,"column":13},"end":{"line":20,"column":28}},"loc":{"start":{"line":20,"column":35},"end":{"line":20,"column":62}},"line":20},"2":{"name":"(anonymous_2)","decl":{"start":{"line":27,"column":29},"end":{"line":27,"column":30}},"loc":{"start":{"line":27,"column":35},"end":{"line":27,"column":66}},"line":27},"3":{"name":"(anonymous_3)","decl":{"start":{"line":37,"column":33},"end":{"line":37,"column":34}},"loc":{"start":{"line":37,"column":39},"end":{"line":37,"column":69}},"line":37},"4":{"name":"(anonymous_4)","decl":{"start":{"line":41,"column":33},"end":{"line":41,"column":34}},"loc":{"start":{"line":41,"column":39},"end":{"line":41,"column":63}},"line":41},"5":{"name":"(anonymous_5)","decl":{"start":{"line":45,"column":33},"end":{"line":45,"column":34}},"loc":{"start":{"line":45,"column":39},"end":{"line":45,"column":72}},"line":45},"6":{"name":"(anonymous_6)","decl":{"start":{"line":49,"column":33},"end":{"line":49,"column":34}},"loc":{"start":{"line":49,"column":39},"end":{"line":49,"column":73}},"line":49},"7":{"name":"(anonymous_7)","decl":{"start":{"line":53,"column":33},"end":{"line":53,"column":34}},"loc":{"start":{"line":53,"column":39},"end":{"line":53,"column":63}},"line":53},"8":{"name":"(anonymous_8)","decl":{"start":{"line":57,"column":33},"end":{"line":57,"column":34}},"loc":{"start":{"line":57,"column":39},"end":{"line":57,"column":63}},"line":57}},"branchMap":{"0":{"loc":{"start":{"line":36,"column":36},"end":{"line":36,"column":78}},"type":"cond-expr","locations":[{"start":{"line":36,"column":65},"end":{"line":36,"column":73}},{"start":{"line":36,"column":76},"end":{"line":36,"column":78}}],"line":36},"1":{"loc":{"start":{"line":40,"column":36},"end":{"line":40,"column":97}},"type":"cond-expr","locations":[{"start":{"line":40,"column":84},"end":{"line":40,"column":92}},{"start":{"line":40,"column":95},"end":{"line":40,"column":97}}],"line":40},"2":{"loc":{"start":{"line":40,"column":37},"end":{"line":40,"column":80}},"type":"binary-expr","locations":[{"start":{"line":40,"column":38},"end":{"line":40,"column":56}},{"start":{"line":40,"column":62},"end":{"line":40,"column":79}}],"line":40},"3":{"loc":{"start":{"line":44,"column":36},"end":{"line":44,"column":115}},"type":"cond-expr","locations":[{"start":{"line":44,"column":102},"end":{"line":44,"column":110}},{"start":{"line":44,"column":113},"end":{"line":44,"column":115}}],"line":44},"4":{"loc":{"start":{"line":44,"column":37},"end":{"line":44,"column":98}},"type":"binary-expr","locations":[{"start":{"line":44,"column":38},"end":{"line":44,"column":65}},{"start":{"line":44,"column":71},"end":{"line":44,"column":97}}],"line":44},"5":{"loc":{"start":{"line":48,"column":36},"end":{"line":48,"column":117}},"type":"cond-expr","locations":[{"start":{"line":48,"column":104},"end":{"line":48,"column":112}},{"start":{"line":48,"column":115},"end":{"line":48,"column":117}}],"line":48},"6":{"loc":{"start":{"line":48,"column":37},"end":{"line":48,"column":100}},"type":"binary-expr","locations":[{"start":{"line":48,"column":38},"end":{"line":48,"column":66}},{"start":{"line":48,"column":72},"end":{"line":48,"column":99}}],"line":48},"7":{"loc":{"start":{"line":52,"column":36},"end":{"line":52,"column":97}},"type":"cond-expr","locations":[{"start":{"line":52,"column":84},"end":{"line":52,"column":92}},{"start":{"line":52,"column":95},"end":{"line":52,"column":97}}],"line":52},"8":{"loc":{"start":{"line":52,"column":37},"end":{"line":52,"column":80}},"type":"binary-expr","locations":[{"start":{"line":52,"column":38},"end":{"line":52,"column":56}},{"start":{"line":52,"column":62},"end":{"line":52,"column":79}}],"line":52},"9":{"loc":{"start":{"line":56,"column":36},"end":{"line":56,"column":72}},"type":"cond-expr","locations":[{"start":{"line":56,"column":59},"end":{"line":56,"column":67}},{"start":{"line":56,"column":70},"end":{"line":56,"column":72}}],"line":56}},"s":{"0":1,"1":4,"2":0,"3":3,"4":0,"5":0,"6":0,"7":0,"8":0,"9":0,"10":0},"f":{"0":4,"1":0,"2":0,"3":0,"4":0,"5":0,"6":0,"7":0,"8":0},"b":{"0":[3,0],"1":[0,3],"2":[3,3],"3":[0,3],"4":[3,3],"5":[0,3],"6":[3,3],"7":[0,3],"8":[3,3],"9":[0,3]},"_coverageSchema":"1a1c01bbd47fc00a2c39e90264f33305004495a9","hash":"3e8d61d0a5f0492bca2e9f2334e909be9bbd078e"}
,"C:\\Users\\Richard\\Documents\\dbwebb\\pattern\\admin\\src\\components\\OverviewMap.js": {"path":"C:\\Users\\Richard\\Documents\\dbwebb\\pattern\\admin\\src\\components\\OverviewMap.js","statementMap":{"0":{"start":{"line":5,"column":0},"end":{"line":11,"column":2}},"1":{"start":{"line":14,"column":17},"end":{"line":14,"column":34}},"2":{"start":{"line":16,"column":27},"end":{"line":16,"column":47}},"3":{"start":{"line":17,"column":28},"end":{"line":17,"column":49}},"4":{"start":{"line":19,"column":19},"end":{"line":19,"column":35}},"5":{"start":{"line":20,"column":16},"end":{"line":20,"column":63}},"6":{"start":{"line":21,"column":17},"end":{"line":21,"column":66}},"7":{"start":{"line":23,"column":24},"end":{"line":23,"column":53}},"8":{"start":{"line":25,"column":30},"end":{"line":25,"column":42}},"9":{"start":{"line":26,"column":42},"end":{"line":26,"column":63}},"10":{"start":{"line":27,"column":28},"end":{"line":27,"column":49}},"11":{"start":{"line":28,"column":46},"end":{"line":28,"column":77}},"12":{"start":{"line":31,"column":23},"end":{"line":31,"column":58}},"13":{"start":{"line":32,"column":8},"end":{"line":32,"column":51}},"14":{"start":{"line":33,"column":8},"end":{"line":33,"column":49}},"15":{"start":{"line":34,"column":8},"end":{"line":34,"column":19}},"16":{"start":{"line":38,"column":8},"end":{"line":38,"column":30}},"17":{"start":{"line":39,"column":21},"end":{"line":39,"column":55}},"18":{"start":{"line":40,"column":8},"end":{"line":40,"column":29}},"19":{"start":{"line":44,"column":8},"end":{"line":47,"column":9}},"20":{"start":{"line":45,"column":12},"end":{"line":45,"column":36}},"21":{"start":{"line":46,"column":12},"end":{"line":46,"column":46}},"22":{"start":{"line":48,"column":8},"end":{"line":48,"column":31}},"23":{"start":{"line":49,"column":8},"end":{"line":49,"column":37}},"24":{"start":{"line":50,"column":8},"end":{"line":50,"column":73}},"25":{"start":{"line":53,"column":4},"end":{"line":57,"column":16}},"26":{"start":{"line":54,"column":8},"end":{"line":54,"column":29}},"27":{"start":{"line":55,"column":8},"end":{"line":55,"column":36}},"28":{"start":{"line":56,"column":8},"end":{"line":56,"column":19}},"29":{"start":{"line":59,"column":4},"end":{"line":94,"column":6}},"30":{"start":{"line":63,"column":49},"end":{"line":63,"column":87}}},"fnMap":{"0":{"name":"OverviewMap","decl":{"start":{"line":13,"column":9},"end":{"line":13,"column":20}},"loc":{"start":{"line":13,"column":28},"end":{"line":95,"column":1}},"line":13},"1":{"name":"setZoomGetBikes","decl":{"start":{"line":30,"column":13},"end":{"line":30,"column":28}},"loc":{"start":{"line":30,"column":31},"end":{"line":35,"column":5}},"line":30},"2":{"name":"getBikes","decl":{"start":{"line":37,"column":19},"end":{"line":37,"column":27}},"loc":{"start":{"line":37,"column":30},"end":{"line":41,"column":5}},"line":37},"3":{"name":"toggleInterval","decl":{"start":{"line":43,"column":13},"end":{"line":43,"column":27}},"loc":{"start":{"line":43,"column":36},"end":{"line":51,"column":5}},"line":43},"4":{"name":"(anonymous_4)","decl":{"start":{"line":53,"column":14},"end":{"line":53,"column":15}},"loc":{"start":{"line":53,"column":20},"end":{"line":57,"column":5}},"line":53},"5":{"name":"(anonymous_5)","decl":{"start":{"line":63,"column":43},"end":{"line":63,"column":44}},"loc":{"start":{"line":63,"column":49},"end":{"line":63,"column":87}},"line":63}},"branchMap":{"0":{"loc":{"start":{"line":23,"column":24},"end":{"line":23,"column":53}},"type":"cond-expr","locations":[{"start":{"line":23,"column":47},"end":{"line":23,"column":49}},{"start":{"line":23,"column":52},"end":{"line":23,"column":53}}],"line":23},"1":{"loc":{"start":{"line":44,"column":8},"end":{"line":47,"column":9}},"type":"if","locations":[{"start":{"line":44,"column":8},"end":{"line":47,"column":9}},{"start":{},"end":{}}],"line":44},"2":{"loc":{"start":{"line":64,"column":17},"end":{"line":64,"column":55}},"type":"cond-expr","locations":[{"start":{"line":64,"column":34},"end":{"line":64,"column":43}},{"start":{"line":64,"column":46},"end":{"line":64,"column":55}}],"line":64}},"s":{"0":0,"1":0,"2":0,"3":0,"4":0,"5":0,"6":0,"7":0,"8":0,"9":0,"10":0,"11":0,"12":0,"13":0,"14":0,"15":0,"16":0,"17":0,"18":0,"19":0,"20":0,"21":0,"22":0,"23":0,"24":0,"25":0,"26":0,"27":0,"28":0,"29":0,"30":0},"f":{"0":0,"1":0,"2":0,"3":0,"4":0,"5":0},"b":{"0":[0,0],"1":[0,0],"2":[0,0]}}
,"C:\\Users\\Richard\\Documents\\dbwebb\\pattern\\admin\\src\\components\\Price.js": {"path":"C:\\Users\\Richard\\Documents\\dbwebb\\pattern\\admin\\src\\components\\Price.js","statementMap":{"0":{"start":{"line":4,"column":0},"end":{"line":9,"column":2}},"1":{"start":{"line":12,"column":19},"end":{"line":12,"column":40}},"2":{"start":{"line":13,"column":30},"end":{"line":13,"column":42}},"3":{"start":{"line":14,"column":34},"end":{"line":14,"column":46}},"4":{"start":{"line":16,"column":4},"end":{"line":16,"column":53}},"5":{"start":{"line":16,"column":22},"end":{"line":16,"column":40}},"6":{"start":{"line":19,"column":21},"end":{"line":19,"column":54}},"7":{"start":{"line":20,"column":8},"end":{"line":20,"column":33}},"8":{"start":{"line":24,"column":29},"end":{"line":24,"column":41}},"9":{"start":{"line":25,"column":31},"end":{"line":25,"column":45}},"10":{"start":{"line":27,"column":8},"end":{"line":27,"column":70}},"11":{"start":{"line":28,"column":8},"end":{"line":28,"column":72}},"12":{"start":{"line":30,"column":8},"end":{"line":30,"column":31}},"13":{"start":{"line":31,"column":8},"end":{"line":31,"column":35}},"14":{"start":{"line":35,"column":21},"end":{"line":35,"column":68}},"15":{"start":{"line":36,"column":24},"end":{"line":36,"column":75}},"16":{"start":{"line":38,"column":8},"end":{"line":38,"column":24}},"17":{"start":{"line":39,"column":8},"end":{"line":39,"column":23}},"18":{"start":{"line":40,"column":8},"end":{"line":40,"column":34}},"19":{"start":{"line":43,"column":4},"end":{"line":103,"column":6}},"20":{"start":{"line":59,"column":47},"end":{"line":59,"column":90}},"21":{"start":{"line":70,"column":47},"end":{"line":70,"column":94}},"22":{"start":{"line":81,"column":47},"end":{"line":81,"column":89}},"23":{"start":{"line":92,"column":47},"end":{"line":92,"column":86}}},"fnMap":{"0":{"name":"Price","decl":{"start":{"line":11,"column":9},"end":{"line":11,"column":14}},"loc":{"start":{"line":11,"column":22},"end":{"line":104,"column":1}},"line":11},"1":{"name":"(anonymous_1)","decl":{"start":{"line":16,"column":14},"end":{"line":16,"column":15}},"loc":{"start":{"line":16,"column":20},"end":{"line":16,"column":42}},"line":16},"2":{"name":"getPrices","decl":{"start":{"line":18,"column":19},"end":{"line":18,"column":28}},"loc":{"start":{"line":18,"column":37},"end":{"line":21,"column":5}},"line":18},"3":{"name":"handleInput","decl":{"start":{"line":23,"column":13},"end":{"line":23,"column":24}},"loc":{"start":{"line":23,"column":38},"end":{"line":32,"column":5}},"line":23},"4":{"name":"saveChanges","decl":{"start":{"line":34,"column":19},"end":{"line":34,"column":30}},"loc":{"start":{"line":34,"column":33},"end":{"line":41,"column":5}},"line":34},"5":{"name":"(anonymous_5)","decl":{"start":{"line":59,"column":42},"end":{"line":59,"column":43}},"loc":{"start":{"line":59,"column":47},"end":{"line":59,"column":90}},"line":59},"6":{"name":"(anonymous_6)","decl":{"start":{"line":70,"column":42},"end":{"line":70,"column":43}},"loc":{"start":{"line":70,"column":47},"end":{"line":70,"column":94}},"line":70},"7":{"name":"(anonymous_7)","decl":{"start":{"line":81,"column":42},"end":{"line":81,"column":43}},"loc":{"start":{"line":81,"column":47},"end":{"line":81,"column":89}},"line":81},"8":{"name":"(anonymous_8)","decl":{"start":{"line":92,"column":42},"end":{"line":92,"column":43}},"loc":{"start":{"line":92,"column":47},"end":{"line":92,"column":86}},"line":92}},"branchMap":{"0":{"loc":{"start":{"line":27,"column":29},"end":{"line":27,"column":69}},"type":"cond-expr","locations":[{"start":{"line":27,"column":50},"end":{"line":27,"column":65}},{"start":{"line":27,"column":68},"end":{"line":27,"column":69}}],"line":27},"1":{"loc":{"start":{"line":28,"column":31},"end":{"line":28,"column":71}},"type":"cond-expr","locations":[{"start":{"line":28,"column":52},"end":{"line":28,"column":67}},{"start":{"line":28,"column":70},"end":{"line":28,"column":71}}],"line":28},"2":{"loc":{"start":{"line":50,"column":29},"end":{"line":50,"column":53}},"type":"binary-expr","locations":[{"start":{"line":50,"column":29},"end":{"line":50,"column":38}},{"start":{"line":50,"column":42},"end":{"line":50,"column":53}}],"line":50},"3":{"loc":{"start":{"line":58,"column":39},"end":{"line":58,"column":62}},"type":"binary-expr","locations":[{"start":{"line":58,"column":39},"end":{"line":58,"column":57}},{"start":{"line":58,"column":61},"end":{"line":58,"column":62}}],"line":58},"4":{"loc":{"start":{"line":69,"column":39},"end":{"line":69,"column":66}},"type":"binary-expr","locations":[{"start":{"line":69,"column":39},"end":{"line":69,"column":61}},{"start":{"line":69,"column":65},"end":{"line":69,"column":66}}],"line":69},"5":{"loc":{"start":{"line":80,"column":39},"end":{"line":80,"column":61}},"type":"binary-expr","locations":[{"start":{"line":80,"column":39},"end":{"line":80,"column":56}},{"start":{"line":80,"column":60},"end":{"line":80,"column":61}}],"line":80},"6":{"loc":{"start":{"line":91,"column":39},"end":{"line":91,"column":58}},"type":"binary-expr","locations":[{"start":{"line":91,"column":39},"end":{"line":91,"column":53}},{"start":{"line":91,"column":57},"end":{"line":91,"column":58}}],"line":91}},"s":{"0":1,"1":37,"2":37,"3":37,"4":37,"5":4,"6":4,"7":4,"8":32,"9":32,"10":32,"11":32,"12":32,"13":32,"14":8,"15":8,"16":0,"17":0,"18":0,"19":37,"20":32,"21":0,"22":0,"23":0},"f":{"0":37,"1":4,"2":4,"3":32,"4":8,"5":32,"6":0,"7":0,"8":0},"b":{"0":[32,0],"1":[32,0],"2":[37,9],"3":[37,4],"4":[37,9],"5":[37,9],"6":[37,9]},"_coverageSchema":"1a1c01bbd47fc00a2c39e90264f33305004495a9","hash":"ef8b4f3c7ec98e7f73db37489a39181f956fd886"}
,"C:\\Users\\Richard\\Documents\\dbwebb\\pattern\\admin\\src\\components\\Station.js": {"path":"C:\\Users\\Richard\\Documents\\dbwebb\\pattern\\admin\\src\\components\\Station.js","statementMap":{"0":{"start":{"line":5,"column":0},"end":{"line":14,"column":2}},"1":{"start":{"line":17,"column":30},"end":{"line":17,"column":42}},"2":{"start":{"line":19,"column":4},"end":{"line":19,"column":55}},"3":{"start":{"line":19,"column":22},"end":{"line":19,"column":42}},"4":{"start":{"line":21,"column":24},"end":{"line":21,"column":26}},"5":{"start":{"line":22,"column":25},"end":{"line":22,"column":27}},"6":{"start":{"line":23,"column":16},"end":{"line":23,"column":18}},"7":{"start":{"line":24,"column":4},"end":{"line":27,"column":5}},"8":{"start":{"line":25,"column":8},"end":{"line":25,"column":40}},"9":{"start":{"line":26,"column":8},"end":{"line":26,"column":35}},"10":{"start":{"line":28,"column":4},"end":{"line":31,"column":5}},"11":{"start":{"line":29,"column":8},"end":{"line":29,"column":41}},"12":{"start":{"line":30,"column":8},"end":{"line":30,"column":36}},"13":{"start":{"line":33,"column":20},"end":{"line":33,"column":33}},"14":{"start":{"line":34,"column":19},"end":{"line":34,"column":38}},"15":{"start":{"line":36,"column":16},"end":{"line":36,"column":63}},"16":{"start":{"line":37,"column":17},"end":{"line":37,"column":66}},"17":{"start":{"line":38,"column":24},"end":{"line":38,"column":35}},"18":{"start":{"line":41,"column":21},"end":{"line":41,"column":62}},"19":{"start":{"line":42,"column":25},"end":{"line":42,"column":35}},"20":{"start":{"line":43,"column":30},"end":{"line":45,"column":10}},"21":{"start":{"line":44,"column":10},"end":{"line":44,"column":58}},"22":{"start":{"line":47,"column":8},"end":{"line":47,"column":32}},"23":{"start":{"line":51,"column":8},"end":{"line":51,"column":39}},"24":{"start":{"line":54,"column":4},"end":{"line":107,"column":6}},"25":{"start":{"line":80,"column":28},"end":{"line":87,"column":34}},"26":{"start":{"line":81,"column":47},"end":{"line":81,"column":64}}},"fnMap":{"0":{"name":"Station","decl":{"start":{"line":16,"column":9},"end":{"line":16,"column":16}},"loc":{"start":{"line":16,"column":24},"end":{"line":108,"column":1}},"line":16},"1":{"name":"(anonymous_1)","decl":{"start":{"line":19,"column":14},"end":{"line":19,"column":15}},"loc":{"start":{"line":19,"column":20},"end":{"line":19,"column":44}},"line":19},"2":{"name":"getBikesAtStation","decl":{"start":{"line":40,"column":19},"end":{"line":40,"column":36}},"loc":{"start":{"line":40,"column":39},"end":{"line":48,"column":5}},"line":40},"3":{"name":"(anonymous_3)","decl":{"start":{"line":43,"column":46},"end":{"line":43,"column":47}},"loc":{"start":{"line":43,"column":61},"end":{"line":45,"column":9}},"line":43},"4":{"name":"handleClick","decl":{"start":{"line":50,"column":13},"end":{"line":50,"column":24}},"loc":{"start":{"line":50,"column":31},"end":{"line":52,"column":5}},"line":50},"5":{"name":"(anonymous_5)","decl":{"start":{"line":79,"column":35},"end":{"line":79,"column":36}},"loc":{"start":{"line":80,"column":28},"end":{"line":87,"column":34}},"line":80},"6":{"name":"(anonymous_6)","decl":{"start":{"line":81,"column":41},"end":{"line":81,"column":42}},"loc":{"start":{"line":81,"column":47},"end":{"line":81,"column":64}},"line":81}},"branchMap":{"0":{"loc":{"start":{"line":24,"column":4},"end":{"line":27,"column":5}},"type":"if","locations":[{"start":{"line":24,"column":4},"end":{"line":27,"column":5}},{"start":{},"end":{}}],"line":24},"1":{"loc":{"start":{"line":28,"column":4},"end":{"line":31,"column":5}},"type":"if","locations":[{"start":{"line":28,"column":4},"end":{"line":31,"column":5}},{"start":{},"end":{}}],"line":28},"2":{"loc":{"start":{"line":73,"column":29},"end":{"line":73,"column":98}},"type":"cond-expr","locations":[{"start":{"line":73,"column":57},"end":{"line":73,"column":80}},{"start":{"line":73,"column":83},"end":{"line":73,"column":98}}],"line":73}},"s":{"0":1,"1":1,"2":1,"3":0,"4":1,"5":1,"6":1,"7":1,"8":1,"9":1,"10":1,"11":0,"12":0,"13":1,"14":1,"15":1,"16":1,"17":1,"18":0,"19":0,"20":0,"21":0,"22":0,"23":0,"24":1,"25":0,"26":0},"f":{"0":1,"1":0,"2":0,"3":0,"4":0,"5":0,"6":0},"b":{"0":[1,0],"1":[0,1],"2":[1,0]},"_coverageSchema":"1a1c01bbd47fc00a2c39e90264f33305004495a9","hash":"228ac166e29f1883eecffa320c029835ea9c0c56"}
,"C:\\Users\\Richard\\Documents\\dbwebb\\pattern\\admin\\src\\components\\StationsTable.js": {"path":"C:\\Users\\Richard\\Documents\\dbwebb\\pattern\\admin\\src\\components\\StationsTable.js","statementMap":{"0":{"start":{"line":4,"column":0},"end":{"line":11,"column":2}},"1":{"start":{"line":14,"column":36},"end":{"line":14,"column":48}},"2":{"start":{"line":15,"column":50},"end":{"line":15,"column":62}},"3":{"start":{"line":17,"column":17},"end":{"line":17,"column":27}},"4":{"start":{"line":18,"column":24},"end":{"line":18,"column":41}},"5":{"start":{"line":19,"column":19},"end":{"line":19,"column":31}},"6":{"start":{"line":21,"column":18},"end":{"line":21,"column":84}},"7":{"start":{"line":23,"column":4},"end":{"line":27,"column":16}},"8":{"start":{"line":24,"column":26},"end":{"line":24,"column":84}},"9":{"start":{"line":25,"column":8},"end":{"line":25,"column":31}},"10":{"start":{"line":26,"column":8},"end":{"line":26,"column":30}},"11":{"start":{"line":30,"column":23},"end":{"line":30,"column":85}},"12":{"start":{"line":31,"column":8},"end":{"line":31,"column":35}},"13":{"start":{"line":36,"column":8},"end":{"line":36,"column":56}},"14":{"start":{"line":39,"column":4},"end":{"line":75,"column":6}},"15":{"start":{"line":53,"column":20},"end":{"line":69,"column":25}},"16":{"start":{"line":56,"column":39},"end":{"line":56,"column":53}}},"fnMap":{"0":{"name":"StationsTable","decl":{"start":{"line":13,"column":9},"end":{"line":13,"column":22}},"loc":{"start":{"line":13,"column":30},"end":{"line":76,"column":1}},"line":13},"1":{"name":"(anonymous_1)","decl":{"start":{"line":23,"column":14},"end":{"line":23,"column":15}},"loc":{"start":{"line":23,"column":20},"end":{"line":27,"column":5}},"line":23},"2":{"name":"countBikes","decl":{"start":{"line":29,"column":19},"end":{"line":29,"column":29}},"loc":{"start":{"line":29,"column":41},"end":{"line":32,"column":5}},"line":29},"3":{"name":"handleClick","decl":{"start":{"line":35,"column":13},"end":{"line":35,"column":24}},"loc":{"start":{"line":35,"column":28},"end":{"line":37,"column":5}},
[...]
bwebb\\pattern\\admin\\src\\components\\UsersTable.js": {"path":"C:\\Users\\Richard\\Documents\\dbwebb\\pattern\\admin\\src\\components\\UsersTable.js","statementMap":{"0":{"start":{"line":4,"column":0},"end":{"line":8,"column":2}},"1":{"start":{"line":11,"column":30},"end":{"line":11,"column":42}},"2":{"start":{"line":13,"column":4},"end":{"line":15,"column":11}},"3":{"start":{"line":14,"column":8},"end":{"line":14,"column":19}},"4":{"start":{"line":18,"column":21},"end":{"line":18,"column":52}},"5":{"start":{"line":19,"column":8},"end":{"line":19,"column":29}},"6":{"start":{"line":23,"column":8},"end":{"line":23,"column":56}},"7":{"start":{"line":27,"column":8},"end":{"line":27,"column":68}},"8":{"start":{"line":27,"column":35},"end":{"line":27,"column":66}},"9":{"start":{"line":28,"column":8},"end":{"line":28,"column":66}},"10":{"start":{"line":28,"column":34},"end":{"line":28,"column":64}},"11":{"start":{"line":29,"column":8},"end":{"line":29,"column":45}},"12":{"start":{"line":32,"column":4},"end":{"line":80,"column":6}},"13":{"start":{"line":50,"column":20},"end":{"line":74,"column":25}},"14":{"start":{"line":50,"column":74},"end":{"line":50,"column":88}}},"fnMap":{"0":{"name":"UsersTable","decl":{"start":{"line":10,"column":9},"end":{"line":10,"column":19}},"loc":{"start":{"line":10,"column":27},"end":{"line":81,"column":1}},"line":10},"1":{"name":"(anonymous_1)","decl":{"start":{"line":13,"column":14},"end":{"line":13,"column":15}},"loc":{"start":{"line":13,"column":20},"end":{"line":15,"column":5}},"line":13},"2":{"name":"getUsers","decl":{"start":{"line":17,"column":19},"end":{"line":17,"column":27}},"loc":{"start":{"line":17,"column":30},"end":{"line":20,"column":5}},"line":17},"3":{"name":"handleClick","decl":{"start":{"line":22,"column":13},"end":{"line":22,"column":24}},"loc":{"start":{"line":22,"column":28},"end":{"line":24,"column":5}},"line":22},"4":{"name":"getPaymentIcon","decl":{"start":{"line":26,"column":13},"end":{"line":26,"column":27}},"loc":{"start":{"line":26,"column":35},"end":{"line":30,"column":5}},"line":26},"5":{"name":"(anonymous_5)","decl":{"start":{"line":49,"column":27},"end":{"line":49,"column":28}},"loc":{"start":{"line":50,"column":20},"end":{"line":74,"column":25}},"line":50},"6":{"name":"(anonymous_6)","decl":{"start":{"line":50,"column":68},"end":{"line":50,"column":69}},"loc":{"start":{"line":50,"column":74},"end":{"line":50,"column":88}},"line":50}},"branchMap":{"0":{"loc":{"start":{"line":27,"column":8},"end":{"line":27,"column":68}},"type":"if","locations":[{"start":{"line":27,"column":8},"end":{"line":27,"column":68}},{"start":{},"end":{}}],"line":27},"1":{"loc":{"start":{"line":28,"column":8},"end":{"line":28,"column":66}},"type":"if","locations":[{"start":{"line":28,"column":8},"end":{"line":28,"column":66}},{"start":{},"end":{}}],"line":28},"2":{"loc":{"start":{"line":57,"column":37},"end":{"line":57,"column":91}},"type":"cond-expr","locations":[{"start":{"line":57,"column":74},"end":{"line":57,"column":81}},{"start":{"line":57,"column":84},"end":{"line":57,"column":91}}],"line":57},"3":{"loc":{"start":{"line":59,"column":38},"end":{"line":59,"column":94}},"type":"cond-expr","locations":[{"start":{"line":59,"column":75},"end":{"line":59,"column":82}},{"start":{"line":59,"column":85},"end":{"line":59,"column":94}}],"line":59}},"s":{"0":0,"1":0,"2":0,"3":0,"4":0,"5":0,"6":0,"7":0,"8":0,"9":0,"10":0,"11":0,"12":0,"13":0,"14":0},"f":{"0":0,"1":0,"2":0,"3":0,"4":0,"5":0,"6":0},"b":{"0":[0,0],"1":[0,0],"2":[0,0],"3":[0,0]}}
,"C:\\Users\\Richard\\Documents\\dbwebb\\pattern\\admin\\src\\functions\\OLD_mock.js": {"path":"C:\\Users\\Richard\\Documents\\dbwebb\\pattern\\admin\\src\\functions\\OLD_mock.js","statementMap":{"0":{"start":{"line":3,"column":13},"end":{"line":275,"column":1}},"1":{"start":{"line":278,"column":4},"end":{"line":278,"column":24}},"2":{"start":{"line":281,"column":0},"end":{"line":281,"column":58}}},"fnMap":{"0":{"name":"updateUsers","decl":{"start":{"line":277,"column":9},"end":{"line":277,"column":20}},"loc":{"start":{"line":277,"column":30},"end":{"line":279,"column":1}},"line":277}},"branchMap":{},"s":{"0":0,"1":0,"2":0},"f":{"0":0},"b":{}}
,"C:\\Users\\Richard\\Documents\\dbwebb\\pattern\\admin\\src\\functions\\api.js": {"path":"C:\\Users\\Richard\\Documents\\dbwebb\\pattern\\admin\\src\\functions\\api.js","statementMap":{"0":{"start":{"line":1,"column":18},"end":{"line":1,"column":45}},"1":{"start":{"line":3,"column":12},"end":{"line":175,"column":1}},"2":{"start":{"line":7,"column":25},"end":{"line":7,"column":57}},"3":{"start":{"line":8,"column":21},"end":{"line":8,"column":42}},"4":{"start":{"line":9,"column":8},"end":{"line":9,"column":20}},"5":{"start":{"line":12,"column":20},"end":{"line":12,"column":49}},"6":{"start":{"line":14,"column":8},"end":{"line":14,"column":87}},"7":{"start":{"line":16,"column":29},"end":{"line":25,"column":9}},"8":{"start":{"line":27,"column":21},"end":{"line":27,"column":63}},"9":{"start":{"line":28,"column":8},"end":{"line":28,"column":51}},"10":{"start":{"line":28,"column":26},"end":{"line":28,"column":49}},"11":{"start":{"line":29,"column":8},"end":{"line":29,"column":20}},"12":{"start":{"line":32,"column":18},"end":{"line":32,"column":40}},"13":{"start":{"line":34,"column":8},"end":{"line":34,"column":59}},"14":{"start":{"line":34,"column":32},"end":{"line":34,"column":57}},"15":{"start":{"line":36,"column":29},"end":{"line":39,"column":9}},"16":{"start":{"line":40,"column":8},"end":{"line":40,"column":52}},"17":{"start":{"line":43,"column":23},"end":{"line":43,"column":42}},"18":{"start":{"line":44,"column":21},"end":{"line":44,"column":70}},"19":{"start":{"line":45,"column":20},"end":{"line":45,"column":67}},"20":{"start":{"line":47,"column":22},"end":{"line":51,"column":9}},"21":{"start":{"line":53,"column":18},"end":{"line":53,"column":50}},"22":{"start":{"line":55,"column":29},"end":{"line":62,"column":9}},"23":{"start":{"line":63,"column":8},"end":{"line":63,"column":52}},"24":{"start":{"line":67,"column":18},"end":{"line":67,"column":62}},"25":{"start":{"line":69,"column":29},"end":{"line":76,"column":9}},"26":{"start":{"line":78,"column":8},"end":{"line":78,"column":52}},"27":{"start":{"line":81,"column":18},"end":{"line":81,"column":41}},"28":{"start":{"line":83,"column":29},"end":{"line":86,"column":9}},"29":{"start":{"line":88,"column":8},"end":{"line":88,"column":52}},"30":{"start":{"line":91,"column":8},"end":{"line":91,"column":47}},"31":{"start":{"line":92,"column":18},"end":{"line":92,"column":41}},"32":{"start":{"line":94,"column":29},"end":{"line":97,"column":9}},"33":{"start":{"line":99,"column":8},"end":{"line":99,"column":52}},"34":{"start":{"line":102,"column":18},"end":{"line":102,"column":52}},"35":{"start":{"line":103,"column":19},"end":{"line":103,"column":41}},"36":{"start":{"line":105,"column":8},"end":{"line":107,"column":9}},"37":{"start":{"line":106,"column":12},"end":{"line":106,"column":49}},"38":{"start":{"line":109,"column":22},"end":{"line":109,"column":24}},"39":{"start":{"line":110,"column":8},"end":{"line":113,"column":11}},"40":{"start":{"line":111,"column":25},"end":{"line":111,"column":65}},"41":{"start":{"line":112,"column":12},"end":{"line":112,"column":33}},"42":{"start":{"line":115,"column":29},"end":{"line":122,"column":9}},"43":{"start":{"line":124,"column":8},"end":{"line":124,"column":52}},"44":{"start":{"line":127,"column":18},"end":{"line":127,"column":40}},"45":{"start":{"line":129,"column":8},"end":{"line":129,"column":59}},"46":{"start":{"line":129,"column":32},"end":{"line":129,"column":57}},"47":{"start":{"line":131,"column":29},"end":{"line":134,"column":9}},"48":{"start":{"line":136,"column":8},"end":{"line":136,"column":52}},"49":{"start":{"line":139,"column":18},"end":{"line":139,"column":40}},"50":{"start":{"line":141,"column":8},"end":{"line":141,"column":54}},"51":{"start":{"line":141,"column":32},"end":{"line":141,"column":52}},"52":{"start":{"line":143,"column":29},"end":{"line":146,"column":9}},"53":{"start":{"line":148,"column":8},"end":{"line":148,"column":52}},"54":{"start":{"line":151,"column":18},"end":{"line":151,"column":50}},"55":{"start":{"line":152,"column":19},"end":{"line":152,"column":41}},"56":{"start":{"line":154,"column":8},"end":{"line":156,"column":9}},"57":{"start":{"line":155,"column":12},"end":{"line":155,"column":49}},"58":{"start":{"line":158,"column":22},"end":{"line":158,"column":24}},"59":{"start":{"line":159,"column":8},"end":{"line":162,"column":11}},"60":{"start":{"line":160,"column":25},"end":{"line":160,"column":65}},"61":{"start":{"line":161,"column":12},"end":{"line":161,"column":33}},"62":{"start":{"line":164,"column":29},"end":{"line":171,"column":9}},"63":{"start":{"line":173,"column":8},"end":{"line":173,"column":52}}},"fnMap":{"0":{"name":"(anonymous_0)","decl":{"start":{"line":6,"column":17},"end":{"line":6,"column":18}},"loc":{"start":{"line":6,"column":54},"end":{"line":10,"column":5}},"line":6},"1":{"name":"(anonymous_1)","decl":{"start":{"line":11,"column":11},"end":{"line":11,"column":12}},"loc":{"start":{"line":11,"column":47},"end":{"line":30,"column":5}},"line":11},"2":{"name":"(anonymous_2)","decl":{"start":{"line":31,"column":14},"end":{"line":31,"column":15}},"loc":{"start":{"line":31,"column":38},"end":{"line":41,"column":5}},"line":31},"3":{"name":"(anonymous_3)","decl":{"start":{"line":42,"column":14},"end":{"line":42,"column":15}},"loc":{"start":{"line":42,"column":41},"end":{"line":64,"column":5}},"line":42},"4":{"name":"(anonymous_4)","decl":{"start":{"line":65,"column":22},"end":{"line":65,"column":23}},"loc":{"start":{"line":65,"column":53},"end":{"line":79,"column":5}},"line":65},"5":{"name":"(anonymous_5)","decl":{"start":{"line":80,"column":15},"end":{"line":80,"column":16}},"loc":{"start":{"line":80,"column":27},"end":{"line":89,"column":5}},"line":80},"6":{"name":"(anonymous_6)","decl":{"start":{"line":90,"column":15},"end":{"line":90,"column":16}},"loc":{"start":{"line":90,"column":33},"end":{"line":100,"column":5}},"line":90},"7":{"name":"(anonymous_7)","decl":{"start":{"line":101,"column":17},"end":{"line":101,"column":18}},"loc":{"start":{"line":101,"column":47},"end":{"line":125,"column":5}},"line":101},"8":{"name":"(anonymous_8)","decl":{"start":{"line":110,"column":21},"end":{"line":110,"column":22}},"loc":{"start":{"line":110,"column":30},"end":{"line":113,"column":9}},"line":110},"9":{"name":"(anonymous_9)","decl":{"start":{"line":126,"column":14},"end":{"line":126,"column":15}},"loc":{"start":{"line":126,"column":32},"end":{"line":137,"column":5}},"line":126},"10":{"name":"(anonymous_10)","decl":{"start":{"line":138,"column":14},"end":{"line":138,"column":15}},"loc":{"start":{"line":138,"column":32},"end":{"line":149,"column":5}},"line":138},"11":{"name":"(anonymous_11)","decl":{"start":{"line":150,"column":16},"end":{"line":150,"column":17}},"loc":{"start":{"line":150,"column":45},"end":{"line":174,"column":5}},"line":150},"12":{"name":"(anonymous_12)","decl":{"start":{"line":159,"column":21},"end":{"line":159,"column":22}},"loc":{"start":{"line":159,"column":30},"end":{"line":162,"column":9}},"line":159}},"branchMap":{"0":{"loc":{"start":{"line":28,"column":8},"end":{"line":28,"column":51}},"type":"if","locations":[{"start":{"line":28,"column":8},"end":{"line":28,"column":51}},{"start":{},"end":{}}],"line":28},"1":{"loc":{"start":{"line":34,"column":8},"end":{"line":34,"column":59}},"type":"if","locations":[{"start":{"line":34,"column":8},"end":{"line":34,"column":59}},{"start":{},"end":{}}],"line":34},"2":{"loc":{"start":{"line":105,"column":8},"end":{"line":107,"column":9}},"type":"if","locations":[{"start":{"line":105,"column":8},"end":{"line":107,"column":9}},{"start":{},"end":{}}],"line":105},"3":{"loc":{"start":{"line":129,"column":8},"end":{"line":129,"column":59}},"type":"if","locations":[{"start":{"line":129,"column":8},"end":{"line":129,"column":59}},{"start":{},"end":{}}],"line":129},"4":{"loc":{"start":{"line":141,"column":8},"end":{"line":141,"column":54}},"type":"if","locations":[{"start":{"line":141,"column":8},"end":{"line":141,"column":54}},{"start":{},"end":{}}],"line":141},"5":{"loc":{"start":{"line":154,"column":8},"end":{"line":156,"column":9}},"type":"if","locations":[{"start":{"line":154,"column":8},"end":{"line":156,"column":9}},{"start":{},"end":{}}],"line":154}},"s":{"0":0,"1":0,"2":0,"3":0,"4":0,"5":0,"6":0,"7":0,"8":0,"9":0,"10":0,"11":0,"12":0,"13":0,"14":0,"15":0,"16":0,"17":0,"18":0,"19":0,"20":0,"21":0,"22":0,"23":0,"24":0,"25":0,"26":0,"27":0,"28":0,"29":0,"30":0,"31":0,"32":0,"33":0,"34":0,"35":0,"36":0,"37":0,"38":0,"39":0,"40":0,"41":0,"42":0,"43":0,"44":0,"45":0,"46":0,"47":0,"48":0,"49":0,"50":0,"51":0,"52":0,"53":0,"54":0,"55":0,"56":0,"57":0,"58":0,"59":0,"60":0,"61":0,"62":0,"63":0},"f":{"0":0,"1":0,"2":0,"3":0,"4":0,"5":0,"6":0,"7":0,"8":0,"9":0,"10":0,"11":0,"12":0},"b":{"0":[0,0],"1":[0,0],"2":[0,0],"3":[0,0],"4":[0,0],"5":[0,0]}}
,"C:\\Users\\Richard\\Documents\\dbwebb\\pattern\\admin\\src\\functions\\utils.js": {"path":"C:\\Users\\Richard\\Documents\\dbwebb\\pattern\\admin\\src\\functions\\utils.js","statementMap":{"0":{"start":{"line":3,"column":14},"end":{"line":107,"column":1}},"1":{"start":{"line":8,"column":8},"end":{"line":8,"column":45}},"2":{"start":{"line":9,"column":8},"end":{"line":9,"column":32}},"3":{"start":{"line":14,"column":23},"end":{"line":14,"column":25}},"4":{"start":{"line":16,"column":8},"end":{"line":20,"column":9}},"5":{"start":{"line":17,"column":12},"end":{"line":17,"column":55}},"6":{"start":{"line":18,"column":12},"end":{"line":18,"column":82}},"7":{"start":{"line":18,"column":44},"end":{"line":18,"column":78}},"8":{"start":{"line":19,"column":12},"end":{"line":19,"column":28}},"9":{"start":{"line":22,"column":8},"end":{"line":30,"column":11}},"10":{"start":{"line":23,"column":12},"end":{"line":29,"column":13}},"11":{"start":{"line":24,"column":16},"end":{"line":27,"column":19}},"12":{"start":{"line":25,"column":20},"end":{"line":25,"column":42}},"13":{"start":{"line":26,"column":20},"end":{"line":26,"column":57}},"14":{"start":{"line":28,"column":16},"end":{"line":28,"column":76}},"15":{"start":{"line":32,"column":8},"end":{"line":32,"column":24}},"16":{"start":{"line":37,"column":21},"end":{"line":37,"column":47}},"17":{"start":{"line":38,"column":22},"end":{"line":38,"column":32}},"18":{"start":{"line":39,"column":23},"end":{"line":39,"column":25}},"19":{"start":{"line":41,"column":8},"end":{"line":41,"column":68}},"20":{"start":{"line":41,"column":40},"end":{"line":41,"column":64}},"21":{"start":{"line":44,"column":8},"end":{"line":47,"column":11}},"22":{"start":{"line":45,"column":12},"end":{"line":45,"column":43}},"23":{"start":{"line":46,"column":12},"end":{"line":46,"column":54}},"24":{"start":{"line":46,"column":29},"end":{"line":46,"column":52}},"25":{"start":{"line":49,"column":8},"end":{"line":49,"column":22}},"26":{"start":{"line":52,"column":26},"end":{"line":52,"column":45}},"27":{"start":{"line":54,"column":21},"end":{"line":54,"column":44}},"28":{"start":{"line":55,"column":22},"end":{"line":55,"column":57}},"29":{"start":{"line":56,"column":21},"end":{"line":56,"column":55}},"30":{"start":{"line":57,"column":22},"end":{"line":57,"column":57}},"31":{"start":{"line":58,"column":24},"end":{"line":58,"column":61}},"32":{"start":{"line":60,"column":21},"end":{"line":60,"column":68}},"33":{"start":{"line":61,"column":8},"end":{"line":61,"column":20}},"34":{"start":{"line":64,"column":8},"end":{"line":64,"column":35}},"35":{"start":{"line":65,"column":8},"end":{"line":65,"column":59}},"36":{"start":{"line":65,"column":35},"end":{"line":65,"column":57}},"37":{"start":{"line":66,"column":8},"end":{"line":66,"column":22}},"38":{"start":{"line":69,"column":22},"end":{"line":94,"column":9}},"39":{"start":{"line":96,"column":8},"end":{"line":98,"column":9}},"40":{"start":{"line":97,"column":12},"end":{"line":97,"column":56}},"41":{"start":{"line":100,"column":24},"end":{"line":100,"column":75}},"42":{"start":{"line":101,"column":22},"end":{"line":101,"column":51}},"43":{"start":{"line":102,"column":21},"end":{"line":102,"column":41}},"44":{"start":{"line":103,"column":24},"end":{"line":103,"column":54}},"45":{"start":{"line":105,"column":8},"end":{"line":105,"column":23}}},"fnMap":{"0":{"name":"(anonymous_0)","decl":{"start":{"line":7,"column":18},"end":{"line":7,"column":19}},"loc":{"start":{"line":7,"column":29},"end":{"line":10,"column":5}},"line":7},"1":{"name":"(anonymous_1)","decl":{"start":{"line":13,"column":25},"end":{"line":13,"column":26}},"loc":{"start":{"line":13,"column":61},"end":{"line":33,"column":5}},"line":13},"2":{"name":"(anonymous_2)","decl":{"start":{"line":18,"column":29},"end":{"line":18,"column":30}},"loc":{"start":{"line":18,"column":42},"end":{"line":18,"column":80}},"line":18},"3":{"name":"(anonymous_3)","decl":{"start":{"line":22,"column":36},"end":{"line":22,"column":37}},"loc":{"start":{"line":22,"column":45},"end":{"line":30,"column":9}},"line":22},"4":{"name":"(anonymous_4)","decl":{"start":{"line":24,"column":56},"end":{"line":24,"column":57}},"loc":{"start":{"line":24,"column":69},"end":{"line":27,"column":17}},"line":24},"5":{"name":"(anonymous_5)","decl":{"start":{"line":36,"column":16},"end":{"line":36,"column":17}},"loc":{"start":{"line":36,"column":55},"end":{"line":50,"column":5}},"line":36},"6":{"name":"(anonymous_6)","decl":{"start":{"line":41,"column":25},"end":{"line":41,"column":26}},"loc":{"start":{"line":41,"column":38},"end":{"line":41,"column":66}},"line":41},"7":{"name":"(anonymous_7)","decl":{"start":{"line":44,"column":22},"end":{"line":44,"column":23}},"loc":{"start":{"line":44,"column":32},"end":{"line":47,"column":9}},"line":44},"8":{"name":"(anonymous_8)","decl":{"start":{"line":51,"column":23},"end":{"line":51,"column":24}},"loc":{"start":{"line":51,"column":43},"end":{"line":62,"column":5}},"line":51},"9":{"name":"(anonymous_9)","decl":{"start":{"line":63,"column":13},"end":{"line":63,"column":14}},"loc":{"start":{"line":63,"column":30},"end":{"line":67,"column":5}},"line":63},"10":{"name":"(anonymous_10)","decl":{"start":{"line":68,"column":24},"end":{"line":68,"column":25}},"loc":{"start":{"line":68,"column":48},"end":{"line":106,"column":5}},"line":68}},"branchMap":{"0":{"loc":{"start":{"line":16,"column":8},"end":{"line":20,"column":9}},"type":"if","locations":[{"start":{"line":16,"column":8},"end":{"line":20,"column":9}},{"start":{},"end":{}}],"line":16},"1":{"loc":{"start":{"line":23,"column":12},"end":{"line":29,"column":13}},"type":"if","locations":[{"start":{"line":23,"column":12},"end":{"line":29,"column":13}},{"start":{},"end":{}}],"line":23},"2":{"loc":{"start":{"line":46,"column":12},"end":{"line":46,"column":54}},"type":"if","locations":[{"start":{"line":46,"column":12},"end":{"line":46,"column":54}},{"start":{},"end":{}}],"line":46},"3":{"loc":{"start":{"line":65,"column":8},"end":{"line":65,"column":59}},"type":"if","locations":[{"start":{"line":65,"column":8},"end":{"line":65,"column":59}},{"start":{},"end":{}}],"line":65},"4":{"loc":{"start":{"line":96,"column":8},"end":{"line":98,"column":9}},"type":"if","locations":[{"start":{"line":96,"column":8},"end":{"line":98,"column":9}},{"start":{},"end":{}}],"line":96},"5":{"loc":{"start":{"line":101,"column":22},"end":{"line":101,"column":51}},"type":"cond-expr","locations":[{"start":{"line":101,"column":32},"end":{"line":101,"column":39}},{"start":{"line":101,"column":42},"end":{"line":101,"column":51}}],"line":101}},"s":{"0":0,"1":0,"2":0,"3":0,"4":0,"5":0,"6":0,"7":0,"8":0,"9":0,"10":0,"11":0,"12":0,"13":0,"14":0,"15":0,"16":0,"17":0,"18":0,"19":0,"20":0,"21":0,"22":0,"23":0,"24":0,"25":0,"26":0,"27":0,"28":0,"29":0,"30":0,"31":0,"32":0,"33":0,"34":0,"35":0,"36":0,"37":0,"38":0,"39":0,"40":0,"41":0,"42":0,"43":0,"44":0,"45":0},"f":{"0":0,"1":0,"2":0,"3":0,"4":0,"5":0,"6":0,"7":0,"8":0,"9":0,"10":0},"b":{"0":[0,0],"1":[0,0],"2":[0,0],"3":[0,0],"4":[0,0],"5":[0,0]}}
}
