TN:
SF:src\App.js
FN:17,App
FN:41,(anonymous_1)
FN:42,(anonymous_2)
FN:44,getCities
FN:50,(anonymous_4)
FN:54,addStationsToDefault
FN:59,(anonymous_6)
FN:70,chooseCity
FN:76,switchView
FN:90,renderView
FN:106,renderFlashMessage
FN:112,renderLoginModal
FN:119,renderUsersTable
FN:126,renderUser
FN:136,renderBikesTable
FN:146,renderBike
FN:157,renderStationsTable
FN:167,renderStation
FN:179,renderOverviewMap
FN:188,renderPrice
FNF:20
FNH:0
FNDA:0,App
FNDA:0,(anonymous_1)
FNDA:0,(anonymous_2)
FNDA:0,getCities
FNDA:0,(anonymous_4)
FNDA:0,addStationsToDefault
FNDA:0,(anonymous_6)
FNDA:0,chooseCity
FNDA:0,switchView
FNDA:0,renderView
FNDA:0,renderFlashMessage
FNDA:0,renderLoginModal
FNDA:0,renderUsersTable
FNDA:0,renderUser
FNDA:0,renderBikesTable
FNDA:0,renderBike
FNDA:0,renderStationsTable
FNDA:0,renderStation
FNDA:0,renderOverviewMap
FNDA:0,renderPrice
DA:18,0
DA:29,0
DA:31,0
DA:32,0
DA:33,0
DA:34,0
DA:36,0
DA:37,0
DA:38,0
DA:39,0
DA:41,0
DA:42,0
DA:45,0
DA:46,0
DA:47,0
DA:49,0
DA:50,0
DA:51,0
DA:55,0
DA:56,0
DA:57,0
DA:59,0
DA:60,0
DA:61,0
DA:64,0
DA:65,0
DA:67,0
DA:71,0
DA:73,0
DA:78,0
DA:81,0
DA:82,0
DA:83,0
DA:84,0
DA:87,0
DA:91,0
DA:92,0
DA:93,0
DA:94,0
DA:95,0
DA:96,0
DA:97,0
DA:98,0
DA:99,0
DA:100,0
DA:101,0
DA:102,0
DA:107,0
DA:113,0
DA:120,0
DA:127,0
DA:137,0
DA:147,0
DA:158,0
DA:168,0
DA:180,0
DA:189,0
DA:196,0
LF:58
LH:0
BRDA:29,0,0,0
BRDA:29,0,1,0
BRDA:71,1,0,0
BRDA:71,1,1,0
BRDA:76,2,0,0
BRDA:81,3,0,0
BRDA:81,3,1,0
BRDA:91,4,0,0
BRDA:91,4,1,0
BRDA:91,4,2,0
BRDA:91,4,3,0
BRDA:91,4,4,0
BRDA:91,4,5,0
BRDA:91,4,6,0
BRDA:91,4,7,0
BRDA:91,4,8,0
BRDA:91,4,9,0
BRDA:91,4,10,0
BRDA:210,5,0,0
BRDA:210,5,1,0
BRF:20
BRH:0
end_of_record
TN:
SF:src\index.js
FNF:0
FNH:0
DA:7,0
DA:17,0
LF:2
LH:0
BRF:0
BRH:0
end_of_record
TN:
SF:src\reportWebVitals.js
FN:1,(anonymous_0)
FN:3,(anonymous_1)
FNF:2
FNH:0
FNDA:0,(anonymous_0)
FNDA:0,(anonymous_1)
DA:1,0
DA:2,0
DA:3,0
DA:4,0
DA:5,0
DA:6,0
DA:7,0
DA:8,0
LF:8
LH:0
BRDA:2,0,0,0
BRDA:2,0,1,0
BRDA:2,1,0,0
BRDA:2,1,1,0
BRF:4
BRH:0
end_of_record
TN:
SF:src\components\Bike.js
FN:15,Bike
FN:27,getThisBike
FN:31,(anonymous_2)
FN:38,renderPosition
FNF:4
FNH:2
FNDA:1,Bike
FNDA:0,getThisBike
FNDA:0,(anonymous_2)
FNDA:1,renderPosition
DA:6,1
DA:16,1
DA:17,1
DA:18,1
DA:20,1
DA:21,1
DA:22,1
DA:28,0
DA:29,0
DA:31,0
DA:32,0
DA:35,0
DA:39,1
DA:46,1
LF:14
LH:9
BRDA:70,0,0,1
BRDA:70,0,1,0
BRDA:72,1,0,1
BRDA:72,1,1,0
BRDA:74,2,0,1
BRDA:74,2,1,0
BRDA:76,3,0,1
BRDA:76,3,1,0
BRF:8
BRH:4
end_of_record
TN:
SF:src\components\BikeEndMaintenance.js
FN:12,BikeEndMaintenance
FN:15,endMaintenance
FNF:2
FNH:2
FNDA:2,BikeEndMaintenance
FNDA:1,endMaintenance
DA:4,7
DA:13,2
DA:16,1
DA:18,0
DA:19,0
DA:21,0
DA:22,0
DA:25,2
LF:8
LH:4
BRDA:16,0,0,0
BRDA:16,0,1,0
BRF:2
BRH:0
end_of_record
TN:
SF:src\components\BikeMoveForm.js
FN:13,BikeMoveForm
FN:20,(anonymous_1)
FN:22,moveBike
FN:37,stationSelection
FN:46,(anonymous_4)
FN:57,(anonymous_5)
FNF:6
FNH:6
FNDA:43,BikeMoveForm
FNDA:18,(anonymous_1)
FNDA:7,moveBike
FNDA:1,stationSelection
FNDA:134,(anonymous_4)
FNDA:6,(anonymous_5)
DA:4,2
DA:14,43
DA:15,43
DA:17,43
DA:18,43
DA:20,43
DA:23,7
DA:24,7
DA:25,7
DA:27,0
DA:28,0
DA:29,0
DA:31,0
DA:33,0
DA:34,0
DA:37,1
DA:39,43
DA:47,134
DA:57,6
LF:19
LH:13
BRDA:27,0,0,0
BRDA:27,0,1,0
BRF:2
BRH:0
end_of_record
TN:
SF:src\components\BikePopup.js
FN:15,BikePopup
FN:20,renderEndMaintenance
FN:29,renderBikePopupMoveForm
FN:40,renderStatusInfo
FN:56,renderPositionInfo
FNF:5
FNH:3
FNDA:1,BikePopup
FNDA:0,renderEndMaintenance
FNDA:1,renderBikePopupMoveForm
FNDA:0,renderStatusInfo
FNDA:1,renderPositionInfo
DA:6,5
DA:17,1
DA:18,1
DA:21,0
DA:30,1
DA:41,0
DA:44,0
DA:45,0
DA:46,0
DA:47,0
DA:50,0
DA:57,1
DA:58,1
DA:59,1
DA:60,1
DA:63,1
LF:16
LH:9
BRDA:41,0,0,0
BRDA:41,0,1,0
BRDA:44,1,0,0
BRDA:44,1,1,0
BRDA:45,2,0,0
BRDA:45,2,1,0
BRDA:46,3,0,0
BRDA:46,3,1,0
BRDA:46,4,0,0
BRDA:46,4,1,0
BRDA:58,5,0,1
BRDA:58,5,1,0
BRDA:59,6,0,0
BRDA:59,6,1,1
BRDA:70,7,0,1
BRDA:70,7,1,0
BRDA:74,8,0,1
BRDA:74,8,1,0
BRDA:88,9,0,1
BRDA:88,9,1,1
BRDA:89,10,0,1
BRDA:89,10,1,0
BRDA:89,10,2,0
BRF:23
BRH:7
end_of_record
TN:
SF:src\components\BikePopupMoveForm.js
FN:14,BikePopupMoveForm
FN:20,(anonymous_1)
FN:22,moveBike
FN:38,stationSelection
FN:48,(anonymous_4)
FN:59,(anonymous_5)
FNF:6
FNH:6
FNDA:19,BikePopupMoveForm
FNDA:3,(anonymous_1)
FNDA:8,moveBike
FNDA:8,stationSelection
FNDA:152,(anonymous_4)
FNDA:6,(anonymous_5)
DA:4,6
DA:15,19
DA:17,19
DA:18,19
DA:20,19
DA:23,8
DA:24,8
DA:25,8
DA:27,0
DA:28,0
DA:29,0
DA:31,0
DA:33,0
DA:34,0
DA:35,0
DA:39,8
DA:42,19
DA:49,152
DA:59,6
LF:19
LH:12
BRDA:27,0,0,0
BRDA:27,0,1,0
BRF:2
BRH:0
end_of_record
TN:
SF:src\components\BikePosition.js
FN:9,BikePosition
FN:25,getStationName
FN:29,(anonymous_2)
FNF:3
FNH:3
FNDA:15,BikePosition
FNDA:9,getStationName
FNDA:9,(anonymous_2)
DA:4,2
DA:10,15
DA:14,15
DA:15,9
DA:16,9
DA:17,6
DA:18,0
DA:19,0
DA:21,6
DA:22,6
DA:26,9
DA:27,9
DA:29,9
DA:30,9
DA:32,9
DA:35,15
LF:16
LH:14
BRDA:14,0,0,9
BRDA:14,0,1,6
BRDA:17,1,0,0
BRDA:17,1,1,6
BRDA:30,2,0,9
BRDA:30,2,1,0
BRF:6
BRH:4
end_of_record
TN:
SF:src\components\BikesTable.js
FN:15,BikesTable
FN:21,(anonymous_1)
FN:23,getBikes
FN:32,handleClick
FN:36,renderPosition
FN:44,renderMaintenance
FN:60,(anonymous_6)
FN:77,(anonymous_7)
FN:80,(anonymous_8)
FN:82,(anonymous_9)
FN:84,(anonymous_10)
FN:88,(anonymous_11)
FN:97,(anonymous_12)
FNF:13
FNH:6
FNDA:6,BikesTable
FNDA:3,(anonymous_1)
FNDA:3,getBikes
FNDA:0,handleClick
FNDA:15,renderPosition
FNDA:15,renderMaintenance
FNDA:0,(anonymous_6)
FNDA:15,(anonymous_7)
FNDA:0,(anonymous_8)
FNDA:0,(anonymous_9)
FNDA:0,(anonymous_10)
FNDA:0,(anonymous_11)
FNDA:0,(anonymous_12)
DA:6,1
DA:16,6
DA:18,6
DA:19,6
DA:21,6
DA:24,3
DA:25,3
DA:26,3
DA:27,0
DA:28,0
DA:33,0
DA:37,15
DA:45,15
DA:56,6
DA:60,0
DA:78,15
DA:80,0
DA:82,0
DA:84,0
DA:88,0
DA:97,0
LF:21
LH:12
BRDA:23,0,0,3
BRDA:26,1,0,0
BRDA:26,1,1,3
BRDA:91,2,0,15
BRDA:91,2,1,0
BRDA:93,3,0,15
BRDA:93,3,1,0
BRF:7
BRH:4
end_of_record
TN:
SF:src\components\BikesTableMaintenance.js
FN:15,BikesTableMaintenance
FN:19,renderEndMaintenance
FN:30,renderMoveForm
FN:43,renderInfo
FNF:4
FNH:2
FNDA:15,BikesTableMaintenance
FNDA:0,renderEndMaintenance
FNDA:15,renderMoveForm
FNDA:0,renderInfo
DA:6,1
DA:16,15
DA:17,15
DA:20,0
DA:31,15
DA:32,15
DA:44,0
DA:53,15
LF:8
LH:6
BRDA:47,0,0,0
BRDA:47,0,1,0
BRDA:48,1,0,0
BRDA:48,1,1,0
BRDA:55,2,0,15
BRDA:55,2,1,0
BRDA:56,3,0,15
BRDA:56,3,1,15
BRF:8
BRH:3
end_of_record
TN:
SF:src\components\ChangeCity.js
FN:10,ChangeCity
FN:18,handleChange
FN:30,(anonymous_2)
FNF:3
FNH:3
FNDA:8,ChangeCity
FNDA:1,handleChange
FNDA:32,(anonymous_2)
DA:4,2
DA:11,8
DA:13,8
DA:14,8
DA:16,8
DA:19,1
DA:20,1
DA:23,8
DA:31,32
LF:9
LH:9
BRF:0
BRH:0
end_of_record
TN:
SF:src\components\FlashMessage.js
FN:9,FlashMessage
FN:24,(anonymous_1)
FNF:2
FNH:0
FNDA:0,FlashMessage
FNDA:0,(anonymous_1)
DA:4,0
DA:10,0
DA:11,0
DA:12,0
DA:13,0
DA:15,0
DA:24,0
LF:7
LH:0
BRDA:12,0,0,0
BRDA:12,0,1,0
BRDA:13,1,0,0
BRDA:13,1,1,0
BRDA:21,2,0,0
BRDA:21,2,1,0
BRF:6
BRH:0
end_of_record
TN:
SF:src\components\LoggedInBox.js
FN:11,LoggedInBox
FN:13,logOut
FNF:2
FNH:1
FNDA:10,LoggedInBox
FNDA:0,logOut
DA:4,2
DA:14,0
DA:15,0
DA:16,0
DA:19,10
LF:5
LH:2
BRDA:22,0,0,10
BRDA:22,0,1,3
BRF:2
BRH:2
end_of_record
TN:
SF:src\components\LoginModal.js
FN:10,LoginModal
FN:19,handleInput
FN:25,attemptLogin
FN:51,(anonymous_3)
FN:61,(anonymous_4)
FNF:5
FNH:5
FNDA:22,LoginModal
FNDA:20,handleInput
FNDA:1,attemptLogin
FNDA:8,(anonymous_3)
FNDA:12,(anonymous_4)
DA:4,1
DA:11,22
DA:15,22
DA:16,22
DA:17,22
DA:20,20
DA:22,12
DA:26,1
DA:27,1
DA:29,1
DA:30,1
DA:33,22
DA:51,8
DA:61,12
LF:14
LH:14
BRDA:20,0,0,8
BRDA:20,0,1,12
BRDA:27,1,0,0
BRDA:27,1,1,1
BRDA:39,2,0,22
BRDA:39,2,1,0
BRF:6
BRH:4
end_of_record
TN:
SF:src\components\Map.js
FN:23,Map
FN:31,(anonymous_1)
FN:40,closeAnyOpenPopup
FN:44,getIcon
FN:52,drawBike
FN:65,drawStation
FN:75,createCityLimits
FN:83,(anonymous_7)
FN:91,drawCityLimits
FN:108,(anonymous_9)
FN:109,(anonymous_10)
FN:116,(anonymous_11)
FN:119,(anonymous_12)
FN:122,(anonymous_13)
FN:125,(anonymous_14)
FNF:15
FNH:1
FNDA:1,Map
FNDA:0,(anonymous_1)
FNDA:0,closeAnyOpenPopup
FNDA:0,getIcon
FNDA:0,drawBike
FNDA:0,drawStation
FNDA:0,createCityLimits
FNDA:0,(anonymous_7)
FNDA:0,drawCityLimits
FNDA:0,(anonymous_9)
FNDA:0,(anonymous_10)
FNDA:0,(anonymous_11)
FNDA:0,(anonymous_12)
FNDA:0,(anonymous_13)
FNDA:0,(anonymous_14)
DA:9,3
DA:24,1
DA:25,1
DA:26,1
DA:27,1
DA:28,1
DA:29,1
DA:31,1
DA:32,0
DA:33,0
DA:34,0
DA:35,0
DA:36,0
DA:37,0
DA:41,0
DA:45,0
DA:53,0
DA:66,0
DA:76,0
DA:78,0
DA:79,0
DA:80,0
DA:83,0
DA:84,0
DA:87,0
DA:88,0
DA:92,0
DA:95,1
DA:109,0
DA:110,0
DA:112,0
DA:113,0
DA:117,0
DA:120,0
DA:123,0
DA:126,0
LF:36
LH:9
BRDA:41,0,0,0
BRDA:41,0,1,0
BRDA:78,1,0,0
BRDA:78,1,1,0
BRDA:84,2,0,0
BRDA:84,2,1,0
BRF:6
BRH:0
end_of_record
TN:
SF:src\components\MapBike.js
FN:16,MapBike
FNF:1
FNH:1
FNDA:1,MapBike
DA:6,4
DA:17,1
DA:18,1
DA:20,1
LF:4
LH:4
BRF:0
BRH:0
end_of_record
TN:
SF:src\components\MapCityLimits.js
FN:9,MapCityLimits
FNF:1
FNH:0
FNDA:0,MapCityLimits
DA:5,3
DA:10,0
DA:12,0
DA:17,0
LF:4
LH:1
BRF:0
BRH:0
end_of_record
TN:
SF:src\components\MapStation.js
FN:12,MapStation
FNF:1
FNH:0
FNDA:0,MapStation
DA:5,3
DA:13,0
DA:14,0
DA:16,0
DA:17,0
DA:18,0
DA:20,0
DA:22,0
DA:27,0
DA:32,0
LF:10
LH:1
BRDA:16,0,0,0
BRDA:16,0,1,0
BRDA:40,1,0,0
BRDA:40,1,1,0
BRF:4
BRH:0
end_of_record
TN:
SF:src\components\Menu.js
FN:17,Menu
FN:20,handleMenuClick
FN:27,(anonymous_2)
FN:37,(anonymous_3)
FN:41,(anonymous_4)
FN:45,(anonymous_5)
FN:49,(anonymous_6)
FN:53,(anonymous_7)
FN:57,(anonymous_8)
FNF:9
FNH:1
FNDA:4,Menu
FNDA:0,handleMenuClick
FNDA:0,(anonymous_2)
FNDA:0,(anonymous_3)
FNDA:0,(anonymous_4)
FNDA:0,(anonymous_5)
FNDA:0,(anonymous_6)
FNDA:0,(anonymous_7)
FNDA:0,(anonymous_8)
DA:6,1
DA:18,4
DA:20,0
DA:22,3
DA:27,0
DA:37,0
DA:41,0
DA:45,0
DA:49,0
DA:53,0
DA:57,0
LF:11
LH:3
BRDA:36,0,0,3
BRDA:36,0,1,0
BRDA:40,1,0,0
BRDA:40,1,1,3
BRDA:40,2,0,3
BRDA:40,2,1,3
BRDA:44,3,0,0
BRDA:44,3,1,3
BRDA:44,4,0,3
BRDA:44,4,1,3
BRDA:48,5,0,0
BRDA:48,5,1,3
BRDA:48,6,0,3
BRDA:48,6,1,3
BRDA:52,7,0,0
BRDA:52,7,1,3
BRDA:52,8,0,3
BRDA:52,8,1,3
BRDA:56,9,0,0
BRDA:56,9,1,3
BRF:20
BRH:14
end_of_record
TN:
SF:src\components\OverviewMap.js
FN:13,OverviewMap
FN:30,setZoomGetBikes
FN:37,getBikes
FN:43,toggleInterval
FN:53,(anonymous_4)
FN:63,(anonymous_5)
FNF:6
FNH:0
FNDA:0,OverviewMap
FNDA:0,setZoomGetBikes
FNDA:0,getBikes
FNDA:0,toggleInterval
FNDA:0,(anonymous_4)
FNDA:0,(anonymous_5)
DA:5,0
DA:14,0
DA:16,0
DA:17,0
DA:19,0
DA:20,0
DA:21,0
DA:23,0
DA:25,0
DA:26,0
DA:27,0
DA:28,0
DA:31,0
DA:32,0
DA:33,0
DA:34,0
DA:38,0
DA:39,0
DA:40,0
DA:44,0
DA:45,0
DA:46,0
DA:48,0
DA:49,0
DA:50,0
DA:53,0
DA:54,0
DA:55,0
DA:56,0
DA:59,0
DA:63,0
LF:31
LH:0
BRDA:23,0,0,0
BRDA:23,0,1,0
BRDA:44,1,0,0
BRDA:44,1,1,0
BRDA:64,2,0,0
BRDA:64,2,1,0
BRF:6
BRH:0
end_of_record
TN:
SF:src\components\Price.js
FN:11,Price
FN:16,(anonymous_1)
FN:18,getPrices
FN:23,handleInput
FN:34,saveChanges
FN:59,(anonymous_5)
FN:70,(anonymous_6)
FN:81,(anonymous_7)
FN:92,(anonymous_8)
FNF:9
FNH:6
FNDA:37,Price
FNDA:4,(anonymous_1)
FNDA:4,getPrices
FNDA:32,handleInput
FNDA:8,saveChanges
FNDA:32,(anonymous_5)
FNDA:0,(anonymous_6)
FNDA:0,(anonymous_7)
FNDA:0,(anonymous_8)
DA:4,1
DA:12,37
DA:13,37
DA:14,37
DA:16,37
DA:19,4
DA:20,4
DA:24,32
DA:25,32
DA:27,32
DA:28,32
DA:30,32
DA:31,32
DA:35,8
DA:36,8
DA:38,0
DA:39,0
DA:40,0
DA:43,37
DA:59,32
DA:70,0
DA:81,0
DA:92,0
LF:23
LH:17
BRDA:27,0,0,32
BRDA:27,0,1,0
BRDA:28,1,0,32
BRDA:28,1,1,0
BRDA:50,2,0,37
BRDA:50,2,1,9
BRDA:58,3,0,37
BRDA:58,3,1,4
BRDA:69,4,0,37
BRDA:69,4,1,9
BRDA:80,5,0,37
BRDA:80,5,1,9
BRDA:91,6,0,37
BRDA:91,6,1,9
BRF:14
BRH:12
end_of_record
TN:
SF:src\components\Station.js
FN:16,Station
FN:19,(anonymous_1)
FN:40,getBikesAtStation
FN:43,(anonymous_3)
FN:50,handleClick
FN:79,(anonymous_5)
FN:81,(anonymous_6)
FNF:7
FNH:1
FNDA:1,Station
FNDA:0,(anonymous_1)
FNDA:0,getBikesAtStation
FNDA:0,(anonymous_3)
FNDA:0,handleClick
FNDA:0,(anonymous_5)
FNDA:0,(anonymous_6)
DA:5,1
DA:17,1
DA:19,1
DA:21,1
DA:22,1
DA:23,1
DA:24,1
DA:25,1
DA:26,1
DA:28,1
DA:29,0
DA:30,0
DA:33,1
DA:34,1
DA:36,1
DA:37,1
DA:38,1
DA:41,0
DA:42,0
DA:43,0
DA:44,0
DA:47,0
DA:51,0
DA:54,1
DA:80,0
DA:81,0
LF:26
LH:16
BRDA:24,0,0,1
BRDA:24,0,1,0
BRDA:28,1,0,0
BRDA:28,1,1,1
BRDA:73,2,0,1
BRDA:73,2,1,0
BRF:6
BRH:3
end_of_record
TN:
SF:src\components\StationsTable.js
FN:13,StationsTable
FN:23,(anonymous_1)
FN:29,countBikes
FN:35,handleClick
FN:52,(anonymous_4)
FN:56,(anonymous_5)
FNF:6
FNH:0
FNDA:0,StationsTable
FNDA:0,(anonymous_1)
FNDA:0,countBikes
FNDA:0,handleClick
FNDA:0,(anonymous_4)
FNDA:0,(anonymous_5)
DA:4,0
DA:14,0
DA:15,0
DA:17,0
DA:18,0
DA:19,0
DA:21,0
DA:23,0
DA:24,0
DA:25,0
DA:26,0
DA:30,0
DA:31,0
DA:36,0
DA:39,0
DA:53,0
DA:56,0
LF:17
LH:0
BRDA:21,0,0,0
BRDA:21,0,1,0
BRDA:62,1,0,0
BRDA:62,1,1,0
BRDA:67,2,0,0
BRDA:67,2,1,0
BRF:6
BRH:0
end_of_record
TN:
SF:src\components\Trips.js
FN:9,Trips
FN:31,(anonymous_1)
FNF:2
FNH:0
FNDA:0,Trips
FNDA:0,(anonymous_1)
DA:4,0
DA:11,0
DA:14,0
DA:32,0
LF:4
LH:0
BRF:0
BRH:0
end_of_record
TN:
SF:src\components\User.js
FN:14,User
FN:25,(anonymous_1)
FN:30,getUser
FN:37,getTrips
FN:42,updateUser
FN:52,saveChanges
FN:86,(anonymous_6)
FN:96,(anonymous_7)
FN:104,(anonymous_8)
FN:105,(anonymous_9)
FN:121,(anonymous_10)
FN:131,(anonymous_11)
FN:139,(anonymous_12)
FN:155,(anonymous_13)
FN:165,(anonymous_14)
FN:173,(anonymous_15)
FNF:16
FNH:0
FNDA:0,User
FNDA:0,(anonymous_1)
FNDA:0,getUser
FNDA:0,getTrips
FNDA:0,updateUser
FNDA:0,saveChanges
FNDA:0,(anonymous_6)
FNDA:0,(anonymous_7)
FNDA:0,(anonymous_8)
FNDA:0,(anonymous_9)
FNDA:0,(anonymous_10)
FNDA:0,(anonymous_11)
FNDA:0,(anonymous_12)
FNDA:0,(anonymous_13)
FNDA:0,(anonymous_14)
FNDA:0,(anonymous_15)
DA:5,0
DA:15,0
DA:17,0
DA:20,0
DA:21,0
DA:22,0
DA:23,0
DA:25,0
DA:26,0
DA:27,0
DA:31,0
DA:33,0
DA:34,0
DA:38,0
DA:39,0
DA:43,0
DA:44,0
DA:45,0
DA:47,0
DA:48,0
DA:49,0
DA:54,0
DA:55,0
DA:56,0
DA:62,0
DA:63,0
DA:64,0
DA:66,0
DA:67,0
DA:68,0
DA:71,0
DA:86,0
DA:96,0
DA:104,0
DA:106,0
DA:121,0
DA:131,0
DA:139,0
DA:155,0
DA:165,0
DA:173,0
LF:41
LH:0
BRDA:55,0,0,0
BRDA:55,0,1,0
BRDA:55,1,0,0
BRDA:55,1,1,0
BRDA:55,1,2,0
BRDA:144,2,0,0
BRDA:144,2,1,0
BRDA:154,3,0,0
BRDA:154,3,1,0
BRF:9
BRH:0
end_of_record
TN:
SF:src\components\UsersTable.js
FN:10,UsersTable
FN:13,(anonymous_1)
FN:17,getUsers
FN:22,handleClick
FN:26,getPaymentIcon
FN:49,(anonymous_5)
FN:50,(anonymous_6)
FNF:7
FNH:0
FNDA:0,UsersTable
FNDA:0,(anonymous_1)
FNDA:0,getUsers
FNDA:0,handleClick
FNDA:0,getPaymentIcon
FNDA:0,(anonymous_5)
FNDA:0,(anonymous_6)
DA:4,0
DA:11,0
DA:13,0
DA:14,0
DA:18,0
DA:19,0
DA:23,0
DA:27,0
DA:28,0
DA:29,0
DA:32,0
DA:50,0
LF:12
LH:0
BRDA:27,0,0,0
BRDA:27,0,1,0
BRDA:28,1,0,0
BRDA:28,1,1,0
BRDA:57,2,0,0
BRDA:57,2,1,0
BRDA:59,3,0,0
BRDA:59,3,1,0
BRF:8
BRH:0
end_of_record
TN:
SF:src\functions\OLD_mock.js
FN:277,updateUsers
FNF:1
FNH:0
FNDA:0,updateUsers
DA:3,0
DA:278,0
DA:281,0
LF:3
LH:0
BRF:0
BRH:0
end_of_record
TN:
SF:src\functions\api.js
FN:6,(anonymous_0)
FN:11,(anonymous_1)
FN:31,(anonymous_2)
FN:42,(anonymous_3)
FN:65,(anonymous_4)
FN:80,(anonymous_5)
FN:90,(anonymous_6)
FN:101,(anonymous_7)
FN:110,(anonymous_8)
FN:126,(anonymous_9)
FN:138,(anonymous_10)
FN:150,(anonymous_11)
FN:159,(anonymous_12)
FNF:13
FNH:0
FNDA:0,(anonymous_0)
FNDA:0,(anonymous_1)
FNDA:0,(anonymous_2)
FNDA:0,(anonymous_3)
FNDA:0,(anonymous_4)
FNDA:0,(anonymous_5)
FNDA:0,(anonymous_6)
FNDA:0,(anonymous_7)
FNDA:0,(anonymous_8)
FNDA:0,(anonymous_9)
FNDA:0,(anonymous_10)
FNDA:0,(anonymous_11)
FNDA:0,(anonymous_12)
DA:1,0
DA:3,0
DA:7,0
DA:8,0
DA:9,0
DA:12,0
DA:14,0
DA:16,0
DA:27,0
DA:28,0
DA:29,0
DA:32,0
DA:34,0
DA:36,0
DA:40,0
DA:43,0
DA:44,0
DA:45,0
DA:47,0
DA:53,0
DA:55,0
DA:63,0
DA:67,0
DA:69,0
DA:78,0
DA:81,0
DA:83,0
DA:88,0
DA:91,0
DA:92,0
DA:94,0
DA:99,0
DA:102,0
DA:103,0
DA:105,0
DA:106,0
DA:109,0
DA:110,0
DA:111,0
DA:112,0
DA:115,0
DA:124,0
DA:127,0
DA:129,0
DA:131,0
DA:136,0
DA:139,0
DA:141,0
DA:143,0
DA:148,0
DA:151,0
DA:152,0
DA:154,0
DA:155,0
DA:158,0
DA:159,0
DA:160,0
DA:161,0
DA:164,0
DA:173,0
LF:60
LH:0
BRDA:28,0,0,0
BRDA:28,0,1,0
BRDA:34,1,0,0
BRDA:34,1,1,0
BRDA:105,2,0,0
BRDA:105,2,1,0
BRDA:129,3,0,0
BRDA:129,3,1,0
BRDA:141,4,0,0
BRDA:141,4,1,0
BRDA:154,5,0,0
BRDA:154,5,1,0
BRF:12
BRH:0
end_of_record
TN:
SF:src\functions\utils.js
FN:7,(anonymous_0)
FN:13,(anonymous_1)
FN:18,(anonymous_2)
FN:22,(anonymous_3)
FN:24,(anonymous_4)
FN:36,(anonymous_5)
FN:41,(anonymous_6)
FN:44,(anonymous_7)
FN:51,(anonymous_8)
FN:63,(anonymous_9)
FN:68,(anonymous_10)
FNF:11
FNH:0
FNDA:0,(anonymous_0)
FNDA:0,(anonymous_1)
FNDA:0,(anonymous_2)
FNDA:0,(anonymous_3)
FNDA:0,(anonymous_4)
FNDA:0,(anonymous_5)
FNDA:0,(anonymous_6)
FNDA:0,(anonymous_7)
FNDA:0,(anonymous_8)
FNDA:0,(anonymous_9)
FNDA:0,(anonymous_10)
DA:3,0
DA:8,0
DA:9,0
DA:14,0
DA:16,0
DA:17,0
DA:18,0
DA:19,0
DA:22,0
DA:23,0
DA:24,0
DA:25,0
DA:26,0
DA:28,0
DA:32,0
DA:37,0
DA:38,0
DA:39,0
DA:41,0
DA:44,0
DA:45,0
DA:46,0
DA:49,0
DA:52,0
DA:54,0
DA:55,0
DA:56,0
DA:57,0
DA:58,0
DA:60,0
DA:61,0
DA:64,0
DA:65,0
DA:66,0
DA:69,0
DA:96,0
DA:97,0
DA:100,0
DA:101,0
DA:102,0
DA:103,0
DA:105,0
LF:42
LH:0
BRDA:16,0,0,0
BRDA:16,0,1,0
BRDA:23,1,0,0
BRDA:23,1,1,0
BRDA:46,2,0,0
BRDA:46,2,1,0
BRDA:65,3,0,0
BRDA:65,3,1,0
BRDA:96,4,0,0
BRDA:96,4,1,0
BRDA:101,5,0,0
BRDA:101,5,1,0
BRF:12
BRH:0
end_of_record
